#
# There is insufficient memory for the Java Runtime Environment to continue.
# Native memory allocation (malloc) failed to allocate 1048576 bytes for AllocateHeap
# Possible reasons:
#   The system is out of physical RAM or swap space
#   The process is running with CompressedOops enabled, and the Java Heap may be blocking the growth of the native heap
# Possible solutions:
#   Reduce memory load on the system
#   Increase physical memory or swap space
#   Check if swap backing store is full
#   Decrease Java heap size (-Xmx/-Xms)
#   Decrease number of Java threads
#   Decrease Java thread stack sizes (-Xss)
#   Set larger code cache with -XX:ReservedCodeCacheSize=
#   JVM is running with Unscaled Compressed Oops mode in which the Java heap is
#     placed in the first 4GB address space. The Java Heap base address is the
#     maximum limit for the native heap growth. Please use -XX:HeapBaseMinAddress
#     to set the Java Heap base and to place the Java Heap above 4GB virtual address.
# This output file may be truncated or incomplete.
#
#  Out of Memory Error (./src/hotspot/share/memory/allocation.cpp:46), pid=1324, tid=11736
#
# JRE version: OpenJDK Runtime Environment (11.0.8+10) (build 11.0.8+10-b944.6842174)
# Java VM: OpenJDK 64-Bit Server VM (11.0.8+10-b944.6842174, mixed mode, tiered, compressed oops, g1 gc, windows-amd64)
# No core dump will be written. Minidumps are not enabled by default on client versions of Windows
#

---------------  S U M M A R Y ------------

Command Line: --add-opens=java.base/java.util=ALL-UNNAMED --add-opens=java.base/java.lang=ALL-UNNAMED --add-opens=java.base/java.lang.invoke=ALL-UNNAMED --add-opens=java.prefs/java.util.prefs=ALL-UNNAMED -Xmx2048m -Dfile.encoding=UTF-8 -Duser.country=IN -Duser.language=en -Duser.variant org.gradle.launcher.daemon.bootstrap.GradleDaemon 6.7.1

Host: Intel(R) Core(TM) i5-9300H CPU @ 2.40GHz, 8 cores, 7G,  Windows 10 , 64 bit Build 19041 (10.0.19041.1023)
Time: Tue Jul  6 20:48:30 2021 SE Asia Standard Time elapsed time: 10 seconds (0d 0h 0m 10s)

---------------  T H R E A D  ---------------

Current thread (0x000001ee0f3de800):  VMThread "VM Thread" [stack: 0x00000034d2f00000,0x00000034d3000000] [id=11736]

Stack: [0x00000034d2f00000,0x00000034d3000000]
[error occurred during error reporting (printing stack bounds), id 0xc0000005, EXCEPTION_ACCESS_VIOLATION (0xc0000005) at pc=0x000001ee00000dad]

Native frames: (J=compiled Java code, j=interpreted, Vv=VM code, C=native code)
V  [jvm.dll+0x5de50a]
V  [jvm.dll+0x7122f5]
V  [jvm.dll+0x71384d]
V  [jvm.dll+0x713e65]
V  [jvm.dll+0x713e1b]
V  [jvm.dll+0x5dd958]
V  [jvm.dll+0x5de0f8]
C  [ntdll.dll+0xa217f]
C  [ntdll.dll+0x51454]
C  [ntdll.dll+0xa0cae]
C  0x000001ee00000dad

VM_Operation (0x00000034d45f6b60): CollectForMetadataAllocation, mode: safepoint, requested by thread 0x000001ee11f14000


---------------  P R O C E S S  ---------------

Threads class SMR info:
_java_thread_list=0x000001ee124a0440, length=156, elements={
0x000001ee75027800, 0x000001ee0f3e0800, 0x000001ee0f3ea800, 0x000001ee0f3f6000,
0x000001ee0f3f6800, 0x000001ee0f3f9000, 0x000001ee0f407000, 0x000001ee0fd84800,
0x000001ee0fed3000, 0x000001ee0fee7000, 0x000001ee11368800, 0x000001ee120b8800,
0x000001ee12798800, 0x000001ee11081800, 0x000001ee126fc800, 0x000001ee11859800,
0x000001ee11f14000, 0x000001ee1262d000, 0x000001ee1178a800, 0x000001ee122f6000,
0x000001ee1179d000, 0x000001ee1179d800, 0x000001ee1179e800, 0x000001ee1179c000,
0x000001ee13b70000, 0x000001ee13b6f000, 0x000001ee13b72800, 0x000001ee13b73800,
0x000001ee13b71000, 0x000001ee13b6e800, 0x000001ee13b71800, 0x000001ee13b78000,
0x000001ee13b7b800, 0x000001ee13b75800, 0x000001ee13b7c800, 0x000001ee13b79000,
0x000001ee13b77800, 0x000001ee13b76800, 0x000001ee13b7a000, 0x000001ee13b7a800,
0x000001ee13b7d000, 0x000001ee1281f000, 0x000001ee12820800, 0x000001ee12820000,
0x000001ee12821800, 0x000001ee1281c000, 0x000001ee1281c800, 0x000001ee12822800,
0x000001ee12823000, 0x000001ee1281d800, 0x000001ee12824000, 0x000001ee1281e000,
0x000001ee1282a800, 0x000001ee12825800, 0x000001ee12828000, 0x000001ee12829000,
0x000001ee12826800, 0x000001ee12827000, 0x000001ee12829800, 0x000001ee12825000,
0x000001ee117a7800, 0x000001ee117a8800, 0x000001ee117a3000, 0x000001ee117a9800,
0x000001ee117a3800, 0x000001ee117a7000, 0x000001ee117aa000, 0x000001ee117a4800,
0x000001ee117a6000, 0x000001ee117ab000, 0x000001ee117a5000, 0x000001ee117b0000,
0x000001ee117b0800, 0x000001ee117af000, 0x000001ee117ae000, 0x000001ee117b1800,
0x000001ee117ac000, 0x000001ee117ac800, 0x000001ee117ad800, 0x000001ee1660a000,
0x000001ee16604800, 0x000001ee16608800, 0x000001ee1660b000, 0x000001ee16609000,
0x000001ee16606000, 0x000001ee16606800, 0x000001ee16607800, 0x000001ee16605000,
0x000001ee1660b800, 0x000001ee16612000, 0x000001ee1660c800, 0x000001ee16613000,
0x000001ee1660d800, 0x000001ee1660e000, 0x000001ee1660f800, 0x000001ee1660f000,
0x000001ee16611800, 0x000001ee16610800, 0x000001ee151a6800, 0x000001ee151a3000,
0x000001ee151a8000, 0x000001ee151a7000, 0x000001ee151a2800, 0x000001ee151a9000,
0x000001ee151a9800, 0x000001ee151a4000, 0x000001ee151a5800, 0x000001ee151aa800,
0x000001ee151a4800, 0x000001ee151ad800, 0x000001ee151ae800, 0x000001ee151ac000,
0x000001ee151ad000, 0x000001ee151b1000, 0x000001ee151af800, 0x000001ee151b0000,
0x000001ee151ab800, 0x000001ee10508000, 0x000001ee10509800, 0x000001ee1050b000,
0x000001ee1050e800, 0x000001ee1050a800, 0x000001ee10508800, 0x000001ee1050f000,
0x000001ee1050c000, 0x000001ee1050d000, 0x000001ee10513800, 0x000001ee10510000,
0x000001ee10511000, 0x000001ee1050d800, 0x000001ee10511800, 0x000001ee10512800,
0x000001ee10516800, 0x000001ee10515800, 0x000001ee10514000, 0x000001ee10515000,
0x000001ee10596000, 0x000001ee10597800, 0x000001ee10599000, 0x000001ee10593800,
0x000001ee10596800, 0x000001ee10594800, 0x000001ee10598800, 0x000001ee1059b000,
0x000001ee1059a000, 0x000001ee10595000, 0x000001ee1059b800, 0x000001ee1059f800,
0x000001ee1059c800, 0x000001ee105a0800, 0x000001ee105a2000, 0x000001ee1059e000,
0x000001ee1059f000, 0x000001ee1059d800, 0x000001ee105a1800, 0x000001ee1303a000
}

Java Threads: ( => current thread )
  0x000001ee75027800 JavaThread "main" [_thread_blocked, id=17660, stack(0x00000034d2900000,0x00000034d2a00000)]
  0x000001ee0f3e0800 JavaThread "Reference Handler" daemon [_thread_blocked, id=9648, stack(0x00000034d3000000,0x00000034d3100000)]
  0x000001ee0f3ea800 JavaThread "Finalizer" daemon [_thread_blocked, id=12744, stack(0x00000034d3100000,0x00000034d3200000)]
  0x000001ee0f3f6000 JavaThread "Signal Dispatcher" daemon [_thread_blocked, id=16752, stack(0x00000034d3200000,0x00000034d3300000)]
  0x000001ee0f3f6800 JavaThread "Attach Listener" daemon [_thread_blocked, id=13052, stack(0x00000034d3300000,0x00000034d3400000)]
  0x000001ee0f3f9000 JavaThread "C2 CompilerThread0" daemon [_thread_blocked, id=5228, stack(0x00000034d3400000,0x00000034d3500000)]
  0x000001ee0f407000 JavaThread "C1 CompilerThread0" daemon [_thread_blocked, id=6336, stack(0x00000034d3500000,0x00000034d3600000)]
  0x000001ee0fd84800 JavaThread "Sweeper thread" daemon [_thread_blocked, id=17272, stack(0x00000034d3600000,0x00000034d3700000)]
  0x000001ee0fed3000 JavaThread "Common-Cleaner" daemon [_thread_blocked, id=16508, stack(0x00000034d3700000,0x00000034d3800000)]
  0x000001ee0fee7000 JavaThread "Service Thread" daemon [_thread_blocked, id=18040, stack(0x00000034d3800000,0x00000034d3900000)]
  0x000001ee11368800 JavaThread "Daemon health stats" [_thread_blocked, id=17668, stack(0x00000034d3e00000,0x00000034d3f00000)]
  0x000001ee120b8800 JavaThread "Incoming local TCP Connector on port 63212" [_thread_in_native, id=8116, stack(0x00000034d4000000,0x00000034d4100000)]
  0x000001ee12798800 JavaThread "Daemon periodic checks" [_thread_blocked, id=14216, stack(0x00000034d4100000,0x00000034d4200000)]
  0x000001ee11081800 JavaThread "Daemon" [_thread_blocked, id=13876, stack(0x00000034d4200000,0x00000034d4300000)]
  0x000001ee126fc800 JavaThread "Handler for socket connection from /127.0.0.1:63212 to /127.0.0.1:63213" [_thread_in_native, id=5804, stack(0x00000034d4300000,0x00000034d4400000)]
  0x000001ee11859800 JavaThread "Cancel handler" [_thread_blocked, id=4472, stack(0x00000034d4400000,0x00000034d4500000)]
  0x000001ee11f14000 JavaThread "Daemon worker" [_thread_blocked, id=3928, stack(0x00000034d4500000,0x00000034d4600000)]
  0x000001ee1262d000 JavaThread "Asynchronous log dispatcher for DefaultDaemonConnection: socket connection from /127.0.0.1:63212 to /127.0.0.1:63213" [_thread_blocked, id=6416, stack(0x00000034d4600000,0x00000034d4700000)]
  0x000001ee1178a800 JavaThread "Stdin handler" [_thread_blocked, id=17076, stack(0x00000034d4700000,0x00000034d4800000)]
  0x000001ee122f6000 JavaThread "Thread-8" [_thread_blocked, id=10620, stack(0x00000034d4800000,0x00000034d4900000)]
  0x000001ee1179d000 JavaThread "Cache worker for file hash cache (C:\Users\Yundhar\.gradle\caches\6.7.1\fileHashes)" [_thread_blocked, id=5024, stack(0x00000034d4f00000,0x00000034d5000000)]
  0x000001ee1179d800 JavaThread "File lock request listener" [_thread_in_native, id=18192, stack(0x00000034d5000000,0x00000034d5100000)]
  0x000001ee1179e800 JavaThread "Cache worker for journal cache (C:\Users\Yundhar\.gradle\caches\journal-1)" [_thread_blocked, id=7024, stack(0x00000034d5200000,0x00000034d5300000)]
  0x000001ee1179c000 JavaThread "Cache worker for file hash cache (D:\rehan nitip\git hub\RESPONSI19121252\.gradle\6.7.1\fileHashes)" [_thread_blocked, id=17644, stack(0x00000034d5300000,0x00000034d5400000)]
  0x000001ee13b70000 JavaThread "Cache worker for checksums cache (D:\rehan nitip\git hub\RESPONSI19121252\.gradle\checksums)" [_thread_blocked, id=18396, stack(0x00000034d5400000,0x00000034d5500000)]
  0x000001ee13b6f000 JavaThread "Cache worker for cache directory md-supplier (C:\Users\Yundhar\.gradle\caches\6.7.1\md-supplier)" [_thread_blocked, id=11408, stack(0x00000034d5500000,0x00000034d5600000)]
  0x000001ee13b72800 JavaThread "Cache worker for cache directory md-rule (C:\Users\Yundhar\.gradle\caches\6.7.1\md-rule)" [_thread_blocked, id=17348, stack(0x00000034d5600000,0x00000034d5700000)]
  0x000001ee13b73800 JavaThread "Cache worker for execution history cache (C:\Users\Yundhar\.gradle\caches\6.7.1\executionHistory)" [_thread_blocked, id=7448, stack(0x00000034d5800000,0x00000034d5900000)]
  0x000001ee13b71000 JavaThread "jar transforms" [_thread_blocked, id=2300, stack(0x00000034d5900000,0x00000034d5a00000)]
  0x000001ee13b6e800 JavaThread "Cache worker for file content cache (C:\Users\Yundhar\.gradle\caches\6.7.1\fileContent)" [_thread_blocked, id=16136, stack(0x00000034d5a00000,0x00000034d5b00000)]
  0x000001ee13b71800 JavaThread "Cache worker for Build Output Cleanup Cache (D:\rehan nitip\git hub\RESPONSI19121252\.gradle\buildOutputCleanup)" [_thread_blocked, id=13304, stack(0x00000034d5b00000,0x00000034d5c00000)]
  0x000001ee13b78000 JavaThread "Build operations" [_thread_blocked, id=7292, stack(0x00000034d5c00000,0x00000034d5d00000)]
  0x000001ee13b7b800 JavaThread "Build operations Thread 2" [_thread_blocked, id=13888, stack(0x00000034d5d00000,0x00000034d5e00000)]
  0x000001ee13b75800 JavaThread "Build operations Thread 3" [_thread_blocked, id=14576, stack(0x00000034d5e00000,0x00000034d5f00000)]
  0x000001ee13b7c800 JavaThread "Build operations Thread 4" [_thread_blocked, id=15100, stack(0x00000034d5f00000,0x00000034d6000000)]
  0x000001ee13b79000 JavaThread "Build operations Thread 5" [_thread_blocked, id=16520, stack(0x00000034d6000000,0x00000034d6100000)]
  0x000001ee13b77800 JavaThread "Build operations Thread 6" [_thread_blocked, id=16912, stack(0x00000034d6100000,0x00000034d6200000)]
  0x000001ee13b76800 JavaThread "Build operations Thread 7" [_thread_blocked, id=148, stack(0x00000034d6200000,0x00000034d6300000)]
  0x000001ee13b7a000 JavaThread "Build operations Thread 8" [_thread_blocked, id=7840, stack(0x00000034d6300000,0x00000034d6400000)]
  0x000001ee13b7a800 JavaThread "jar transforms Thread 2" [_thread_blocked, id=15648, stack(0x00000034d6400000,0x00000034d6500000)]
  0x000001ee13b7d000 JavaThread "jar transforms Thread 3" [_thread_blocked, id=11064, stack(0x00000034d6500000,0x00000034d6600000)]
  0x000001ee1281f000 JavaThread "jar transforms Thread 4" [_thread_blocked, id=11180, stack(0x00000034d6600000,0x00000034d6700000)]
  0x000001ee12820800 JavaThread "jar transforms Thread 5" [_thread_blocked, id=10684, stack(0x00000034d6700000,0x00000034d6800000)]
  0x000001ee12820000 JavaThread "jar transforms Thread 6" [_thread_blocked, id=12996, stack(0x00000034d6800000,0x00000034d6900000)]
  0x000001ee12821800 JavaThread "jar transforms Thread 7" [_thread_blocked, id=14812, stack(0x00000034d6900000,0x00000034d6a00000)]
  0x000001ee1281c000 JavaThread "jar transforms Thread 8" [_thread_blocked, id=11008, stack(0x00000034d6a00000,0x00000034d6b00000)]
  0x000001ee1281c800 JavaThread "jar transforms Thread 9" [_thread_blocked, id=13108, stack(0x00000034d6b00000,0x00000034d6c00000)]
  0x000001ee12822800 JavaThread "jar transforms Thread 10" [_thread_blocked, id=10560, stack(0x00000034d6c00000,0x00000034d6d00000)]
  0x000001ee12823000 JavaThread "jar transforms Thread 11" [_thread_blocked, id=12940, stack(0x00000034d6d00000,0x00000034d6e00000)]
  0x000001ee1281d800 JavaThread "jar transforms Thread 12" [_thread_blocked, id=8576, stack(0x00000034d6e00000,0x00000034d6f00000)]
  0x000001ee12824000 JavaThread "jar transforms Thread 13" [_thread_blocked, id=18424, stack(0x00000034d6f00000,0x00000034d7000000)]
  0x000001ee1281e000 JavaThread "jar transforms Thread 14" [_thread_blocked, id=18336, stack(0x00000034d7000000,0x00000034d7100000)]
  0x000001ee1282a800 JavaThread "jar transforms Thread 15" [_thread_blocked, id=14680, stack(0x00000034d7100000,0x00000034d7200000)]
  0x000001ee12825800 JavaThread "jar transforms Thread 16" [_thread_blocked, id=10748, stack(0x00000034d7200000,0x00000034d7300000)]
  0x000001ee12828000 JavaThread "jar transforms Thread 17" [_thread_blocked, id=5840, stack(0x00000034d7300000,0x00000034d7400000)]
  0x000001ee12829000 JavaThread "jar transforms Thread 18" [_thread_blocked, id=5496, stack(0x00000034d7400000,0x00000034d7500000)]
  0x000001ee12826800 JavaThread "jar transforms Thread 19" [_thread_blocked, id=9764, stack(0x00000034d7500000,0x00000034d7600000)]
  0x000001ee12827000 JavaThread "jar transforms Thread 20" [_thread_blocked, id=3828, stack(0x00000034d7600000,0x00000034d7700000)]
  0x000001ee12829800 JavaThread "jar transforms Thread 21" [_thread_blocked, id=13792, stack(0x00000034d7700000,0x00000034d7800000)]
  0x000001ee12825000 JavaThread "jar transforms Thread 22" [_thread_blocked, id=7644, stack(0x00000034d7800000,0x00000034d7900000)]
  0x000001ee117a7800 JavaThread "jar transforms Thread 23" [_thread_blocked, id=4100, stack(0x00000034d7900000,0x00000034d7a00000)]
  0x000001ee117a8800 JavaThread "jar transforms Thread 24" [_thread_blocked, id=1472, stack(0x00000034d7a00000,0x00000034d7b00000)]
  0x000001ee117a3000 JavaThread "jar transforms Thread 25" [_thread_blocked, id=16212, stack(0x00000034d7b00000,0x00000034d7c00000)]
  0x000001ee117a9800 JavaThread "jar transforms Thread 26" [_thread_blocked, id=6344, stack(0x00000034d7c00000,0x00000034d7d00000)]
  0x000001ee117a3800 JavaThread "jar transforms Thread 27" [_thread_blocked, id=15204, stack(0x00000034d7d00000,0x00000034d7e00000)]
  0x000001ee117a7000 JavaThread "jar transforms Thread 28" [_thread_blocked, id=14604, stack(0x00000034d7e00000,0x00000034d7f00000)]
  0x000001ee117aa000 JavaThread "jar transforms Thread 29" [_thread_blocked, id=10040, stack(0x00000034d7f00000,0x00000034d8000000)]
  0x000001ee117a4800 JavaThread "jar transforms Thread 30" [_thread_blocked, id=3404, stack(0x00000034d8000000,0x00000034d8100000)]
  0x000001ee117a6000 JavaThread "jar transforms Thread 31" [_thread_blocked, id=13784, stack(0x00000034d8100000,0x00000034d8200000)]
  0x000001ee117ab000 JavaThread "jar transforms Thread 32" [_thread_blocked, id=8552, stack(0x00000034d8200000,0x00000034d8300000)]
  0x000001ee117a5000 JavaThread "jar transforms Thread 33" [_thread_blocked, id=16880, stack(0x00000034d8300000,0x00000034d8400000)]
  0x000001ee117b0000 JavaThread "jar transforms Thread 34" [_thread_blocked, id=6820, stack(0x00000034d8400000,0x00000034d8500000)]
  0x000001ee117b0800 JavaThread "jar transforms Thread 35" [_thread_blocked, id=6064, stack(0x00000034d8500000,0x00000034d8600000)]
  0x000001ee117af000 JavaThread "jar transforms Thread 36" [_thread_blocked, id=13424, stack(0x00000034d8600000,0x00000034d8700000)]
  0x000001ee117ae000 JavaThread "jar transforms Thread 37" [_thread_blocked, id=9728, stack(0x00000034d8700000,0x00000034d8800000)]
  0x000001ee117b1800 JavaThread "jar transforms Thread 38" [_thread_blocked, id=14988, stack(0x00000034d8800000,0x00000034d8900000)]
  0x000001ee117ac000 JavaThread "jar transforms Thread 39" [_thread_blocked, id=9440, stack(0x00000034d8900000,0x00000034d8a00000)]
  0x000001ee117ac800 JavaThread "jar transforms Thread 40" [_thread_blocked, id=488, stack(0x00000034d8a00000,0x00000034d8b00000)]
  0x000001ee117ad800 JavaThread "jar transforms Thread 41" [_thread_blocked, id=10128, stack(0x00000034d8b00000,0x00000034d8c00000)]
  0x000001ee1660a000 JavaThread "jar transforms Thread 42" [_thread_blocked, id=9812, stack(0x00000034d8c00000,0x00000034d8d00000)]
  0x000001ee16604800 JavaThread "jar transforms Thread 43" [_thread_blocked, id=11960, stack(0x00000034d8d00000,0x00000034d8e00000)]
  0x000001ee16608800 JavaThread "jar transforms Thread 44" [_thread_blocked, id=10956, stack(0x00000034d8e00000,0x00000034d8f00000)]
  0x000001ee1660b000 JavaThread "jar transforms Thread 45" [_thread_blocked, id=7912, stack(0x00000034d8f00000,0x00000034d9000000)]
  0x000001ee16609000 JavaThread "jar transforms Thread 46" [_thread_blocked, id=3468, stack(0x00000034d9000000,0x00000034d9100000)]
  0x000001ee16606000 JavaThread "jar transforms Thread 47" [_thread_blocked, id=15936, stack(0x00000034d9100000,0x00000034d9200000)]
  0x000001ee16606800 JavaThread "jar transforms Thread 48" [_thread_blocked, id=16936, stack(0x00000034d9200000,0x00000034d9300000)]
  0x000001ee16607800 JavaThread "jar transforms Thread 49" [_thread_blocked, id=17248, stack(0x00000034d9300000,0x00000034d9400000)]
  0x000001ee16605000 JavaThread "jar transforms Thread 50" [_thread_blocked, id=5248, stack(0x00000034d9400000,0x00000034d9500000)]
  0x000001ee1660b800 JavaThread "jar transforms Thread 51" [_thread_blocked, id=10028, stack(0x00000034d9500000,0x00000034d9600000)]
  0x000001ee16612000 JavaThread "jar transforms Thread 52" [_thread_blocked, id=11084, stack(0x00000034d9600000,0x00000034d9700000)]
  0x000001ee1660c800 JavaThread "jar transforms Thread 53" [_thread_blocked, id=4140, stack(0x00000034d9700000,0x00000034d9800000)]
  0x000001ee16613000 JavaThread "jar transforms Thread 54" [_thread_blocked, id=17476, stack(0x00000034d9800000,0x00000034d9900000)]
  0x000001ee1660d800 JavaThread "jar transforms Thread 55" [_thread_blocked, id=16280, stack(0x00000034d9900000,0x00000034d9a00000)]
  0x000001ee1660e000 JavaThread "jar transforms Thread 56" [_thread_blocked, id=17620, stack(0x00000034d9a00000,0x00000034d9b00000)]
  0x000001ee1660f800 JavaThread "jar transforms Thread 57" [_thread_blocked, id=9176, stack(0x00000034d9b00000,0x00000034d9c00000)]
  0x000001ee1660f000 JavaThread "jar transforms Thread 58" [_thread_blocked, id=11524, stack(0x00000034d9c00000,0x00000034d9d00000)]
  0x000001ee16611800 JavaThread "jar transforms Thread 59" [_thread_blocked, id=15964, stack(0x00000034d9d00000,0x00000034d9e00000)]
  0x000001ee16610800 JavaThread "jar transforms Thread 60" [_thread_blocked, id=17180, stack(0x00000034d9e00000,0x00000034d9f00000)]
  0x000001ee151a6800 JavaThread "jar transforms Thread 61" [_thread_blocked, id=13996, stack(0x00000034d9f00000,0x00000034da000000)]
  0x000001ee151a3000 JavaThread "jar transforms Thread 62" [_thread_blocked, id=17444, stack(0x00000034da000000,0x00000034da100000)]
  0x000001ee151a8000 JavaThread "jar transforms Thread 63" [_thread_blocked, id=17944, stack(0x00000034da100000,0x00000034da200000)]
  0x000001ee151a7000 JavaThread "jar transforms Thread 64" [_thread_blocked, id=16896, stack(0x00000034da200000,0x00000034da300000)]
  0x000001ee151a2800 JavaThread "jar transforms Thread 65" [_thread_blocked, id=9124, stack(0x00000034da300000,0x00000034da400000)]
  0x000001ee151a9000 JavaThread "jar transforms Thread 66" [_thread_blocked, id=18348, stack(0x00000034da400000,0x00000034da500000)]
  0x000001ee151a9800 JavaThread "jar transforms Thread 67" [_thread_blocked, id=13016, stack(0x00000034da500000,0x00000034da600000)]
  0x000001ee151a4000 JavaThread "jar transforms Thread 68" [_thread_blocked, id=13952, stack(0x00000034da600000,0x00000034da700000)]
  0x000001ee151a5800 JavaThread "jar transforms Thread 69" [_thread_blocked, id=7904, stack(0x00000034da700000,0x00000034da800000)]
  0x000001ee151aa800 JavaThread "jar transforms Thread 70" [_thread_blocked, id=9364, stack(0x00000034da800000,0x00000034da900000)]
  0x000001ee151a4800 JavaThread "jar transforms Thread 71" [_thread_blocked, id=15576, stack(0x00000034da900000,0x00000034daa00000)]
  0x000001ee151ad800 JavaThread "jar transforms Thread 72" [_thread_blocked, id=13404, stack(0x00000034daa00000,0x00000034dab00000)]
  0x000001ee151ae800 JavaThread "jar transforms Thread 73" [_thread_blocked, id=15072, stack(0x00000034dab00000,0x00000034dac00000)]
  0x000001ee151ac000 JavaThread "jar transforms Thread 74" [_thread_blocked, id=17848, stack(0x00000034dac00000,0x00000034dad00000)]
  0x000001ee151ad000 JavaThread "jar transforms Thread 75" [_thread_blocked, id=14204, stack(0x00000034dad00000,0x00000034dae00000)]
  0x000001ee151b1000 JavaThread "jar transforms Thread 76" [_thread_blocked, id=15096, stack(0x00000034dae00000,0x00000034daf00000)]
  0x000001ee151af800 JavaThread "jar transforms Thread 77" [_thread_blocked, id=4424, stack(0x00000034daf00000,0x00000034db000000)]
  0x000001ee151b0000 JavaThread "jar transforms Thread 78" [_thread_blocked, id=13164, stack(0x00000034db000000,0x00000034db100000)]
  0x000001ee151ab800 JavaThread "jar transforms Thread 79" [_thread_blocked, id=13048, stack(0x00000034db100000,0x00000034db200000)]
  0x000001ee10508000 JavaThread "jar transforms Thread 80" [_thread_blocked, id=9572, stack(0x00000034db200000,0x00000034db300000)]
  0x000001ee10509800 JavaThread "jar transforms Thread 81" [_thread_blocked, id=13592, stack(0x00000034db300000,0x00000034db400000)]
  0x000001ee1050b000 JavaThread "jar transforms Thread 82" [_thread_blocked, id=9336, stack(0x00000034db400000,0x00000034db500000)]
  0x000001ee1050e800 JavaThread "jar transforms Thread 83" [_thread_blocked, id=4252, stack(0x00000034db500000,0x00000034db600000)]
  0x000001ee1050a800 JavaThread "jar transforms Thread 84" [_thread_blocked, id=3160, stack(0x00000034db600000,0x00000034db700000)]
  0x000001ee10508800 JavaThread "jar transforms Thread 85" [_thread_blocked, id=16576, stack(0x00000034db700000,0x00000034db800000)]
  0x000001ee1050f000 JavaThread "jar transforms Thread 86" [_thread_blocked, id=12724, stack(0x00000034db800000,0x00000034db900000)]
  0x000001ee1050c000 JavaThread "jar transforms Thread 87" [_thread_blocked, id=17744, stack(0x00000034db900000,0x00000034dba00000)]
  0x000001ee1050d000 JavaThread "jar transforms Thread 88" [_thread_blocked, id=2764, stack(0x00000034dba00000,0x00000034dbb00000)]
  0x000001ee10513800 JavaThread "jar transforms Thread 89" [_thread_blocked, id=16552, stack(0x00000034dbb00000,0x00000034dbc00000)]
  0x000001ee10510000 JavaThread "jar transforms Thread 90" [_thread_blocked, id=9536, stack(0x00000034dbc00000,0x00000034dbd00000)]
  0x000001ee10511000 JavaThread "jar transforms Thread 91" [_thread_blocked, id=1428, stack(0x00000034dbd00000,0x00000034dbe00000)]
  0x000001ee1050d800 JavaThread "jar transforms Thread 92" [_thread_blocked, id=1328, stack(0x00000034dbe00000,0x00000034dbf00000)]
  0x000001ee10511800 JavaThread "jar transforms Thread 93" [_thread_blocked, id=15656, stack(0x00000034dbf00000,0x00000034dc000000)]
  0x000001ee10512800 JavaThread "jar transforms Thread 94" [_thread_blocked, id=9468, stack(0x00000034dc000000,0x00000034dc100000)]
  0x000001ee10516800 JavaThread "jar transforms Thread 95" [_thread_blocked, id=10896, stack(0x00000034dc100000,0x00000034dc200000)]
  0x000001ee10515800 JavaThread "jar transforms Thread 96" [_thread_blocked, id=5640, stack(0x00000034dc200000,0x00000034dc300000)]
  0x000001ee10514000 JavaThread "jar transforms Thread 97" [_thread_blocked, id=16808, stack(0x00000034dc300000,0x00000034dc400000)]
  0x000001ee10515000 JavaThread "jar transforms Thread 98" [_thread_blocked, id=17328, stack(0x00000034dc400000,0x00000034dc500000)]
  0x000001ee10596000 JavaThread "jar transforms Thread 99" [_thread_blocked, id=15032, stack(0x00000034dc500000,0x00000034dc600000)]
  0x000001ee10597800 JavaThread "jar transforms Thread 100" [_thread_blocked, id=8564, stack(0x00000034dc600000,0x00000034dc700000)]
  0x000001ee10599000 JavaThread "jar transforms Thread 101" [_thread_blocked, id=5000, stack(0x00000034dc700000,0x00000034dc800000)]
  0x000001ee10593800 JavaThread "jar transforms Thread 102" [_thread_blocked, id=15784, stack(0x00000034dc800000,0x00000034dc900000)]
  0x000001ee10596800 JavaThread "jar transforms Thread 103" [_thread_blocked, id=15696, stack(0x00000034dc900000,0x00000034dca00000)]
  0x000001ee10594800 JavaThread "jar transforms Thread 104" [_thread_blocked, id=15992, stack(0x00000034dca00000,0x00000034dcb00000)]
  0x000001ee10598800 JavaThread "jar transforms Thread 105" [_thread_blocked, id=14032, stack(0x00000034dcb00000,0x00000034dcc00000)]
  0x000001ee1059b000 JavaThread "jar transforms Thread 106" [_thread_blocked, id=13328, stack(0x00000034dcc00000,0x00000034dcd00000)]
  0x000001ee1059a000 JavaThread "jar transforms Thread 107" [_thread_blocked, id=14628, stack(0x00000034dcd00000,0x00000034dce00000)]
  0x000001ee10595000 JavaThread "jar transforms Thread 108" [_thread_blocked, id=17012, stack(0x00000034dce00000,0x00000034dcf00000)]
  0x000001ee1059b800 JavaThread "jar transforms Thread 109" [_thread_blocked, id=18152, stack(0x00000034dcf00000,0x00000034dd000000)]
  0x000001ee1059f800 JavaThread "jar transforms Thread 110" [_thread_blocked, id=15432, stack(0x00000034dd000000,0x00000034dd100000)]
  0x000001ee1059c800 JavaThread "jar transforms Thread 111" [_thread_blocked, id=16928, stack(0x00000034dd100000,0x00000034dd200000)]
  0x000001ee105a0800 JavaThread "jar transforms Thread 112" [_thread_blocked, id=17788, stack(0x00000034dd200000,0x00000034dd300000)]
  0x000001ee105a2000 JavaThread "jar transforms Thread 113" [_thread_blocked, id=16152, stack(0x00000034dd300000,0x00000034dd400000)]
  0x000001ee1059e000 JavaThread "jar transforms Thread 114" [_thread_blocked, id=14452, stack(0x00000034dd400000,0x00000034dd500000)]
  0x000001ee1059f000 JavaThread "jar transforms Thread 115" [_thread_blocked, id=8232, stack(0x00000034dd500000,0x00000034dd600000)]
  0x000001ee1059d800 JavaThread "jar transforms Thread 116" [_thread_blocked, id=560, stack(0x00000034dd600000,0x00000034dd700000)]
  0x000001ee105a1800 JavaThread "jar transforms Thread 117" [_thread_blocked, id=1836, stack(0x00000034dd700000,0x00000034dd800000)]
  0x000001ee1303a000 JavaThread "Memory manager" [_thread_blocked, id=9464, stack(0x00000034dd800000,0x00000034dd900000)]

Other Threads:
=>0x000001ee0f3de800 VMThread "VM Thread" [stack: 0x00000034d2f00000,0x00000034d3000000] [id=11736]
  0x000001ee0fee8000 WatcherThread [stack: 0x00000034d3900000,0x00000034d3a00000] [id=10520]
  0x000001ee75041000 GCTaskThread "GC Thread#0" [stack: 0x00000034d2a00000,0x00000034d2b00000] [id=16352]
  0x000001ee10857000 GCTaskThread "GC Thread#1" [stack: 0x00000034d3b00000,0x00000034d3c00000] [id=7456]
  0x000001ee10857800 GCTaskThread "GC Thread#2" [stack: 0x00000034d3c00000,0x00000034d3d00000] [id=16232]
  0x000001ee127cb800 GCTaskThread "GC Thread#3" [stack: 0x00000034d4900000,0x00000034d4a00000] [id=8344]
  0x000001ee11b7d000 GCTaskThread "GC Thread#4" [stack: 0x00000034d4a00000,0x00000034d4b00000] [id=16864]
  0x000001ee11658800 GCTaskThread "GC Thread#5" [stack: 0x00000034d4b00000,0x00000034d4c00000] [id=1164]
  0x000001ee129ba800 GCTaskThread "GC Thread#6" [stack: 0x00000034d4c00000,0x00000034d4d00000] [id=7248]
  0x000001ee127c8800 GCTaskThread "GC Thread#7" [stack: 0x00000034d4d00000,0x00000034d4e00000] [id=16040]
  0x000001ee75073000 ConcurrentGCThread "G1 Main Marker" [stack: 0x00000034d2b00000,0x00000034d2c00000] [id=8744]
  0x000001ee7507a000 ConcurrentGCThread "G1 Conc#0" [stack: 0x00000034d2c00000,0x00000034d2d00000] [id=16652]
  0x000001ee112ae800 ConcurrentGCThread "G1 Conc#1" [stack: 0x00000034d5100000,0x00000034d5200000] [id=17260]
  0x000001ee0f230800 ConcurrentGCThread "G1 Refine#0" [stack: 0x00000034d2d00000,0x00000034d2e00000] [id=8140]
  0x000001ee112af800 ConcurrentGCThread "G1 Refine#1" [stack: 0x00000034d4e00000,0x00000034d4f00000] [id=8020]
  0x000001ee0f231800 ConcurrentGCThread "G1 Young RemSet Sampling" [stack: 0x00000034d2e00000,0x00000034d2f00000] [id=9920]

Threads with active compile tasks:
C2 CompilerThread0  10284 6053       4       org.objectweb.asm.SymbolTable::addConstantClass (8 bytes)
C1 CompilerThread0  10284 6055       3       org.gradle.internal.instantiation.generator.ManagedObjectFactory::displayNameFor (70 bytes)

VM state:at safepoint (normal execution)

VM Mutex/Monitor currently owned by a thread:  ([mutex/lock_event])
[0x000001ee75026c60] Threads_lock - owner thread: 0x000001ee0f3de800
[0x000001ee75026900] Heap_lock - owner thread: 0x000001ee11f14000

Heap address: 0x0000000080000000, size: 2048 MB, Compressed Oops mode: 32-bit
Narrow klass base: 0x0000000000000000, Narrow klass shift: 3
Compressed class space size: 1073741824 Address: 0x0000000100000000

Heap:
 garbage-first heap   total 155648K, used 53837K [0x0000000080000000, 0x0000000100000000)
  region size 1024K, 2 young (2048K), 2 survivors (2048K)
 Metaspace       used 66283K, capacity 67689K, committed 67916K, reserved 1107968K
  class space    used 8565K, capacity 9077K, committed 9088K, reserved 1048576K
Heap Regions: E=young(eden), S=young(survivor), O=old, HS=humongous(starts), HC=humongous(continues), CS=collection set, F=free, A=archive, TAMS=top-at-mark-start (previous, next)
|   0|0x0000000080000000, 0x0000000080100000, 0x0000000080100000|100%| O|  |TAMS 0x0000000080100000, 0x0000000080100000| Untracked 
|   1|0x0000000080100000, 0x0000000080200000, 0x0000000080200000|100%| O|  |TAMS 0x0000000080200000, 0x0000000080200000| Untracked 
|   2|0x0000000080200000, 0x0000000080300000, 0x0000000080300000|100%| O|  |TAMS 0x0000000080300000, 0x0000000080300000| Untracked 
|   3|0x0000000080300000, 0x0000000080400000, 0x0000000080400000|100%|HS|  |TAMS 0x0000000080400000, 0x0000000080400000| Complete 
|   4|0x0000000080400000, 0x0000000080500000, 0x0000000080500000|100%|HC|  |TAMS 0x0000000080500000, 0x0000000080500000| Complete 
|   5|0x0000000080500000, 0x0000000080600000, 0x0000000080600000|100%|HC|  |TAMS 0x0000000080600000, 0x0000000080600000| Complete 
|   6|0x0000000080600000, 0x0000000080700000, 0x0000000080700000|100%| O|  |TAMS 0x0000000080700000, 0x0000000080700000| Untracked 
|   7|0x0000000080700000, 0x0000000080800000, 0x0000000080800000|100%| O|  |TAMS 0x0000000080800000, 0x0000000080800000| Untracked 
|   8|0x0000000080800000, 0x0000000080900000, 0x0000000080900000|100%| O|  |TAMS 0x0000000080900000, 0x0000000080900000| Untracked 
|   9|0x0000000080900000, 0x0000000080a00000, 0x0000000080a00000|100%| O|  |TAMS 0x0000000080a00000, 0x0000000080a00000| Untracked 
|  10|0x0000000080a00000, 0x0000000080b00000, 0x0000000080b00000|100%| O|  |TAMS 0x0000000080b00000, 0x0000000080b00000| Untracked 
|  11|0x0000000080b00000, 0x0000000080c00000, 0x0000000080c00000|100%| O|  |TAMS 0x0000000080c00000, 0x0000000080c00000| Untracked 
|  12|0x0000000080c00000, 0x0000000080d00000, 0x0000000080d00000|100%| O|  |TAMS 0x0000000080d00000, 0x0000000080d00000| Untracked 
|  13|0x0000000080d00000, 0x0000000080e00000, 0x0000000080e00000|100%| O|  |TAMS 0x0000000080e00000, 0x0000000080e00000| Untracked 
|  14|0x0000000080e00000, 0x0000000080f00000, 0x0000000080f00000|100%| O|  |TAMS 0x0000000080f00000, 0x0000000080f00000| Untracked 
|  15|0x0000000080f00000, 0x0000000081000000, 0x0000000081000000|100%| O|  |TAMS 0x0000000081000000, 0x0000000081000000| Untracked 
|  16|0x0000000081000000, 0x0000000081100000, 0x0000000081100000|100%| O|  |TAMS 0x0000000081100000, 0x0000000081100000| Untracked 
|  17|0x0000000081100000, 0x0000000081200000, 0x0000000081200000|100%| O|  |TAMS 0x0000000081200000, 0x0000000081200000| Untracked 
|  18|0x0000000081200000, 0x0000000081300000, 0x0000000081300000|100%| O|  |TAMS 0x0000000081300000, 0x0000000081300000| Untracked 
|  19|0x0000000081300000, 0x0000000081400000, 0x0000000081400000|100%| O|  |TAMS 0x0000000081400000, 0x0000000081400000| Untracked 
|  20|0x0000000081400000, 0x0000000081500000, 0x0000000081500000|100%| O|  |TAMS 0x0000000081500000, 0x0000000081500000| Untracked 
|  21|0x0000000081500000, 0x0000000081600000, 0x0000000081600000|100%|HS|  |TAMS 0x0000000081600000, 0x0000000081600000| Complete 
|  22|0x0000000081600000, 0x0000000081700000, 0x0000000081700000|100%|HS|  |TAMS 0x0000000081700000, 0x0000000081700000| Complete 
|  23|0x0000000081700000, 0x0000000081800000, 0x0000000081800000|100%|HC|  |TAMS 0x0000000081800000, 0x0000000081800000| Complete 
|  24|0x0000000081800000, 0x0000000081900000, 0x0000000081900000|100%|HC|  |TAMS 0x0000000081900000, 0x0000000081900000| Complete 
|  25|0x0000000081900000, 0x0000000081a00000, 0x0000000081a00000|100%|HS|  |TAMS 0x0000000081a00000, 0x0000000081a00000| Complete 
|  26|0x0000000081a00000, 0x0000000081b00000, 0x0000000081b00000|100%|HC|  |TAMS 0x0000000081b00000, 0x0000000081b00000| Complete 
|  27|0x0000000081b00000, 0x0000000081c00000, 0x0000000081c00000|100%| O|  |TAMS 0x0000000081c00000, 0x0000000081c00000| Untracked 
|  28|0x0000000081c00000, 0x0000000081d00000, 0x0000000081d00000|100%| O|  |TAMS 0x0000000081d00000, 0x0000000081d00000| Untracked 
|  29|0x0000000081d00000, 0x0000000081e00000, 0x0000000081e00000|100%| O|  |TAMS 0x0000000081e00000, 0x0000000081e00000| Untracked 
|  30|0x0000000081e00000, 0x0000000081f00000, 0x0000000081f00000|100%| O|  |TAMS 0x0000000081f00000, 0x0000000081f00000| Untracked 
|  31|0x0000000081f00000, 0x0000000082000000, 0x0000000082000000|100%| O|  |TAMS 0x0000000082000000, 0x0000000082000000| Untracked 
|  32|0x0000000082000000, 0x0000000082100000, 0x0000000082100000|100%| O|  |TAMS 0x0000000082100000, 0x0000000082100000| Untracked 
|  33|0x0000000082100000, 0x0000000082200000, 0x0000000082200000|100%| O|  |TAMS 0x0000000082200000, 0x0000000082200000| Untracked 
|  34|0x0000000082200000, 0x0000000082300000, 0x0000000082300000|100%| O|  |TAMS 0x0000000082300000, 0x0000000082300000| Untracked 
|  35|0x0000000082300000, 0x0000000082400000, 0x0000000082400000|100%| O|  |TAMS 0x0000000082400000, 0x0000000082400000| Untracked 
|  36|0x0000000082400000, 0x0000000082500000, 0x0000000082500000|100%| O|  |TAMS 0x0000000082500000, 0x0000000082500000| Untracked 
|  37|0x0000000082500000, 0x0000000082600000, 0x0000000082600000|100%| O|  |TAMS 0x0000000082600000, 0x0000000082600000| Untracked 
|  38|0x0000000082600000, 0x0000000082700000, 0x0000000082700000|100%| O|  |TAMS 0x0000000082700000, 0x0000000082700000| Untracked 
|  39|0x0000000082700000, 0x0000000082800000, 0x0000000082800000|100%| O|  |TAMS 0x0000000082800000, 0x0000000082800000| Untracked 
|  40|0x0000000082800000, 0x0000000082900000, 0x0000000082900000|100%| O|  |TAMS 0x0000000082900000, 0x0000000082900000| Untracked 
|  41|0x0000000082900000, 0x0000000082a00000, 0x0000000082a00000|100%| O|  |TAMS 0x0000000082958400, 0x0000000082a00000| Untracked 
|  42|0x0000000082a00000, 0x0000000082b00000, 0x0000000082b00000|100%| O|  |TAMS 0x0000000082a00000, 0x0000000082b00000| Untracked 
|  43|0x0000000082b00000, 0x0000000082c00000, 0x0000000082c00000|100%| O|  |TAMS 0x0000000082b00000, 0x0000000082c00000| Untracked 
|  44|0x0000000082c00000, 0x0000000082d00000, 0x0000000082d00000|100%| O|  |TAMS 0x0000000082c00000, 0x0000000082d00000| Untracked 
|  45|0x0000000082d00000, 0x0000000082e00000, 0x0000000082e00000|100%| O|  |TAMS 0x0000000082d00000, 0x0000000082e00000| Untracked 
|  46|0x0000000082e00000, 0x0000000082f00000, 0x0000000082f00000|100%| O|  |TAMS 0x0000000082e00000, 0x0000000082f00000| Untracked 
|  47|0x0000000082f00000, 0x0000000083000000, 0x0000000083000000|100%| O|  |TAMS 0x0000000082f00000, 0x0000000083000000| Untracked 
|  48|0x0000000083000000, 0x0000000083100000, 0x0000000083100000|100%| O|  |TAMS 0x0000000083000000, 0x0000000083100000| Untracked 
|  49|0x0000000083100000, 0x0000000083200000, 0x0000000083200000|100%| O|  |TAMS 0x0000000083100000, 0x0000000083200000| Untracked 
|  50|0x0000000083200000, 0x0000000083293600, 0x0000000083300000| 57%| O|  |TAMS 0x0000000083200000, 0x0000000083293600| Untracked 
|  51|0x0000000083300000, 0x0000000083300000, 0x0000000083400000|  0%| F|  |TAMS 0x0000000083300000, 0x0000000083300000| Untracked 
|  52|0x0000000083400000, 0x0000000083400000, 0x0000000083500000|  0%| F|  |TAMS 0x0000000083400000, 0x0000000083400000| Untracked 
|  53|0x0000000083500000, 0x0000000083500000, 0x0000000083600000|  0%| F|  |TAMS 0x0000000083500000, 0x0000000083500000| Untracked 
|  54|0x0000000083600000, 0x0000000083600000, 0x0000000083700000|  0%| F|  |TAMS 0x0000000083600000, 0x0000000083600000| Untracked 
|  55|0x0000000083700000, 0x0000000083700000, 0x0000000083800000|  0%| F|  |TAMS 0x0000000083700000, 0x0000000083700000| Untracked 
|  56|0x0000000083800000, 0x0000000083800000, 0x0000000083900000|  0%| F|  |TAMS 0x0000000083800000, 0x0000000083800000| Untracked 
|  57|0x0000000083900000, 0x0000000083900000, 0x0000000083a00000|  0%| F|  |TAMS 0x0000000083900000, 0x0000000083900000| Untracked 
|  58|0x0000000083a00000, 0x0000000083a00000, 0x0000000083b00000|  0%| F|  |TAMS 0x0000000083a00000, 0x0000000083a00000| Untracked 
|  59|0x0000000083b00000, 0x0000000083b00000, 0x0000000083c00000|  0%| F|  |TAMS 0x0000000083b00000, 0x0000000083b00000| Untracked 
|  60|0x0000000083c00000, 0x0000000083c00000, 0x0000000083d00000|  0%| F|  |TAMS 0x0000000083c00000, 0x0000000083c00000| Untracked 
|  61|0x0000000083d00000, 0x0000000083d00000, 0x0000000083e00000|  0%| F|  |TAMS 0x0000000083d00000, 0x0000000083d00000| Untracked 
|  62|0x0000000083e00000, 0x0000000083e00000, 0x0000000083f00000|  0%| F|  |TAMS 0x0000000083e00000, 0x0000000083e00000| Untracked 
|  63|0x0000000083f00000, 0x0000000083f00000, 0x0000000084000000|  0%| F|  |TAMS 0x0000000083f00000, 0x0000000083f00000| Untracked 
|  64|0x0000000084000000, 0x0000000084000000, 0x0000000084100000|  0%| F|  |TAMS 0x0000000084000000, 0x0000000084000000| Untracked 
|  65|0x0000000084100000, 0x0000000084100000, 0x0000000084200000|  0%| F|  |TAMS 0x0000000084100000, 0x0000000084100000| Untracked 
|  66|0x0000000084200000, 0x0000000084200000, 0x0000000084300000|  0%| F|  |TAMS 0x0000000084200000, 0x0000000084200000| Untracked 
|  67|0x0000000084300000, 0x0000000084300000, 0x0000000084400000|  0%| F|  |TAMS 0x0000000084300000, 0x0000000084300000| Untracked 
|  68|0x0000000084400000, 0x0000000084400000, 0x0000000084500000|  0%| F|  |TAMS 0x0000000084400000, 0x0000000084400000| Untracked 
|  69|0x0000000084500000, 0x0000000084500000, 0x0000000084600000|  0%| F|  |TAMS 0x0000000084500000, 0x0000000084500000| Untracked 
|  70|0x0000000084600000, 0x0000000084600000, 0x0000000084700000|  0%| F|  |TAMS 0x0000000084600000, 0x0000000084600000| Untracked 
|  71|0x0000000084700000, 0x0000000084700000, 0x0000000084800000|  0%| F|  |TAMS 0x0000000084700000, 0x0000000084700000| Untracked 
|  72|0x0000000084800000, 0x0000000084800000, 0x0000000084900000|  0%| F|  |TAMS 0x0000000084800000, 0x0000000084800000| Untracked 
|  73|0x0000000084900000, 0x0000000084900000, 0x0000000084a00000|  0%| F|  |TAMS 0x0000000084900000, 0x0000000084900000| Untracked 
|  74|0x0000000084a00000, 0x0000000084a00000, 0x0000000084b00000|  0%| F|  |TAMS 0x0000000084a00000, 0x0000000084a00000| Untracked 
|  75|0x0000000084b00000, 0x0000000084b00000, 0x0000000084c00000|  0%| F|  |TAMS 0x0000000084b00000, 0x0000000084b00000| Untracked 
|  76|0x0000000084c00000, 0x0000000084c00000, 0x0000000084d00000|  0%| F|  |TAMS 0x0000000084c00000, 0x0000000084c00000| Untracked 
|  77|0x0000000084d00000, 0x0000000084d00000, 0x0000000084e00000|  0%| F|  |TAMS 0x0000000084d00000, 0x0000000084d00000| Untracked 
|  78|0x0000000084e00000, 0x0000000084e00000, 0x0000000084f00000|  0%| F|  |TAMS 0x0000000084e00000, 0x0000000084e00000| Untracked 
|  79|0x0000000084f00000, 0x0000000084f00000, 0x0000000085000000|  0%| F|  |TAMS 0x0000000084f00000, 0x0000000084f00000| Untracked 
|  80|0x0000000085000000, 0x0000000085000000, 0x0000000085100000|  0%| F|  |TAMS 0x0000000085000000, 0x0000000085000000| Untracked 
|  81|0x0000000085100000, 0x0000000085100000, 0x0000000085200000|  0%| F|  |TAMS 0x0000000085100000, 0x0000000085100000| Untracked 
|  82|0x0000000085200000, 0x0000000085200000, 0x0000000085300000|  0%| F|  |TAMS 0x0000000085200000, 0x0000000085200000| Untracked 
|  83|0x0000000085300000, 0x0000000085300000, 0x0000000085400000|  0%| F|  |TAMS 0x0000000085300000, 0x0000000085300000| Untracked 
|  84|0x0000000085400000, 0x0000000085400000, 0x0000000085500000|  0%| F|  |TAMS 0x0000000085400000, 0x0000000085400000| Untracked 
|  85|0x0000000085500000, 0x0000000085500000, 0x0000000085600000|  0%| F|  |TAMS 0x0000000085500000, 0x0000000085500000| Untracked 
|  86|0x0000000085600000, 0x0000000085600000, 0x0000000085700000|  0%| F|  |TAMS 0x0000000085600000, 0x0000000085600000| Untracked 
|  87|0x0000000085700000, 0x0000000085700000, 0x0000000085800000|  0%| F|  |TAMS 0x0000000085700000, 0x0000000085700000| Untracked 
|  88|0x0000000085800000, 0x0000000085800000, 0x0000000085900000|  0%| F|  |TAMS 0x0000000085800000, 0x0000000085800000| Untracked 
|  89|0x0000000085900000, 0x0000000085900000, 0x0000000085a00000|  0%| F|  |TAMS 0x0000000085900000, 0x0000000085900000| Untracked 
|  90|0x0000000085a00000, 0x0000000085a00000, 0x0000000085b00000|  0%| F|  |TAMS 0x0000000085a00000, 0x0000000085a00000| Untracked 
|  91|0x0000000085b00000, 0x0000000085b00000, 0x0000000085c00000|  0%| F|  |TAMS 0x0000000085b00000, 0x0000000085b00000| Untracked 
|  92|0x0000000085c00000, 0x0000000085c00000, 0x0000000085d00000|  0%| F|  |TAMS 0x0000000085c00000, 0x0000000085c00000| Untracked 
|  93|0x0000000085d00000, 0x0000000085d00000, 0x0000000085e00000|  0%| F|  |TAMS 0x0000000085d00000, 0x0000000085d00000| Untracked 
|  94|0x0000000085e00000, 0x0000000085e00000, 0x0000000085f00000|  0%| F|  |TAMS 0x0000000085e00000, 0x0000000085e00000| Untracked 
|  95|0x0000000085f00000, 0x0000000085f00000, 0x0000000086000000|  0%| F|  |TAMS 0x0000000085f00000, 0x0000000085f00000| Untracked 
|  96|0x0000000086000000, 0x0000000086000000, 0x0000000086100000|  0%| F|  |TAMS 0x0000000086000000, 0x0000000086000000| Untracked 
|  97|0x0000000086100000, 0x0000000086100000, 0x0000000086200000|  0%| F|  |TAMS 0x0000000086100000, 0x0000000086100000| Untracked 
|  98|0x0000000086200000, 0x0000000086200000, 0x0000000086300000|  0%| F|  |TAMS 0x0000000086200000, 0x0000000086200000| Untracked 
|  99|0x0000000086300000, 0x0000000086300000, 0x0000000086400000|  0%| F|  |TAMS 0x0000000086300000, 0x0000000086300000| Untracked 
| 100|0x0000000086400000, 0x0000000086400000, 0x0000000086500000|  0%| F|  |TAMS 0x0000000086400000, 0x0000000086400000| Untracked 
| 101|0x0000000086500000, 0x0000000086500000, 0x0000000086600000|  0%| F|  |TAMS 0x0000000086500000, 0x0000000086500000| Untracked 
| 102|0x0000000086600000, 0x0000000086600000, 0x0000000086700000|  0%| F|  |TAMS 0x0000000086600000, 0x0000000086600000| Untracked 
| 103|0x0000000086700000, 0x0000000086700000, 0x0000000086800000|  0%| F|  |TAMS 0x0000000086700000, 0x0000000086700000| Untracked 
| 104|0x0000000086800000, 0x0000000086800000, 0x0000000086900000|  0%| F|  |TAMS 0x0000000086800000, 0x0000000086800000| Untracked 
| 105|0x0000000086900000, 0x0000000086900000, 0x0000000086a00000|  0%| F|  |TAMS 0x0000000086900000, 0x0000000086900000| Untracked 
| 106|0x0000000086a00000, 0x0000000086a00000, 0x0000000086b00000|  0%| F|  |TAMS 0x0000000086a00000, 0x0000000086a00000| Untracked 
| 107|0x0000000086b00000, 0x0000000086b00000, 0x0000000086c00000|  0%| F|  |TAMS 0x0000000086b00000, 0x0000000086b00000| Untracked 
| 108|0x0000000086c00000, 0x0000000086c00000, 0x0000000086d00000|  0%| F|  |TAMS 0x0000000086c00000, 0x0000000086c00000| Untracked 
| 109|0x0000000086d00000, 0x0000000086d00000, 0x0000000086e00000|  0%| F|  |TAMS 0x0000000086d00000, 0x0000000086d00000| Untracked 
| 110|0x0000000086e00000, 0x0000000086e00000, 0x0000000086f00000|  0%| F|  |TAMS 0x0000000086e00000, 0x0000000086e00000| Untracked 
| 111|0x0000000086f00000, 0x0000000086f00000, 0x0000000087000000|  0%| F|  |TAMS 0x0000000086f00000, 0x0000000086f00000| Untracked 
| 112|0x0000000087000000, 0x0000000087000000, 0x0000000087100000|  0%| F|  |TAMS 0x0000000087000000, 0x0000000087000000| Untracked 
| 113|0x0000000087100000, 0x0000000087100000, 0x0000000087200000|  0%| F|  |TAMS 0x0000000087100000, 0x0000000087100000| Untracked 
| 114|0x0000000087200000, 0x0000000087200000, 0x0000000087300000|  0%| F|  |TAMS 0x0000000087200000, 0x0000000087200000| Untracked 
| 115|0x0000000087300000, 0x0000000087300000, 0x0000000087400000|  0%| F|  |TAMS 0x0000000087300000, 0x0000000087300000| Untracked 
| 116|0x0000000087400000, 0x0000000087400000, 0x0000000087500000|  0%| F|  |TAMS 0x0000000087400000, 0x0000000087400000| Untracked 
| 117|0x0000000087500000, 0x0000000087500000, 0x0000000087600000|  0%| F|  |TAMS 0x0000000087500000, 0x0000000087500000| Untracked 
| 118|0x0000000087600000, 0x0000000087600000, 0x0000000087700000|  0%| F|  |TAMS 0x0000000087600000, 0x0000000087600000| Untracked 
| 119|0x0000000087700000, 0x0000000087700000, 0x0000000087800000|  0%| F|  |TAMS 0x0000000087700000, 0x0000000087700000| Untracked 
| 120|0x0000000087800000, 0x0000000087900000, 0x0000000087900000|100%| S|CS|TAMS 0x0000000087800000, 0x0000000087800000| Complete 
| 121|0x0000000087900000, 0x0000000087a00000, 0x0000000087a00000|100%| S|CS|TAMS 0x0000000087900000, 0x0000000087900000| Complete 
| 122|0x0000000087a00000, 0x0000000087a00000, 0x0000000087b00000|  0%| F|  |TAMS 0x0000000087a00000, 0x0000000087a00000| Untracked 
| 123|0x0000000087b00000, 0x0000000087b00000, 0x0000000087c00000|  0%| F|  |TAMS 0x0000000087b00000, 0x0000000087b00000| Untracked 
| 124|0x0000000087c00000, 0x0000000087c00000, 0x0000000087d00000|  0%| F|  |TAMS 0x0000000087c00000, 0x0000000087c00000| Untracked 
| 125|0x0000000087d00000, 0x0000000087d00000, 0x0000000087e00000|  0%| F|  |TAMS 0x0000000087d00000, 0x0000000087d00000| Untracked 
| 126|0x0000000087e00000, 0x0000000087e00000, 0x0000000087f00000|  0%| F|  |TAMS 0x0000000087e00000, 0x0000000087e00000| Untracked 
| 127|0x0000000087f00000, 0x0000000087f00000, 0x0000000088000000|  0%| F|  |TAMS 0x0000000087f00000, 0x0000000087f00000| Untracked 
| 128|0x0000000088000000, 0x0000000088000000, 0x0000000088100000|  0%| F|  |TAMS 0x0000000088000000, 0x0000000088000000| Untracked 
| 129|0x0000000088100000, 0x0000000088100000, 0x0000000088200000|  0%| F|  |TAMS 0x0000000088100000, 0x0000000088100000| Untracked 
| 130|0x0000000088200000, 0x0000000088200000, 0x0000000088300000|  0%| F|  |TAMS 0x0000000088200000, 0x0000000088200000| Untracked 
| 131|0x0000000088300000, 0x0000000088300000, 0x0000000088400000|  0%| F|  |TAMS 0x0000000088300000, 0x0000000088300000| Untracked 
| 132|0x0000000088400000, 0x0000000088400000, 0x0000000088500000|  0%| F|  |TAMS 0x0000000088400000, 0x0000000088400000| Untracked 
| 133|0x0000000088500000, 0x0000000088500000, 0x0000000088600000|  0%| F|  |TAMS 0x0000000088500000, 0x0000000088500000| Untracked 
| 134|0x0000000088600000, 0x0000000088600000, 0x0000000088700000|  0%| F|  |TAMS 0x0000000088600000, 0x0000000088600000| Untracked 
| 135|0x0000000088700000, 0x0000000088700000, 0x0000000088800000|  0%| F|  |TAMS 0x0000000088700000, 0x0000000088700000| Untracked 
| 136|0x0000000088800000, 0x0000000088800000, 0x0000000088900000|  0%| F|  |TAMS 0x0000000088800000, 0x0000000088800000| Untracked 
| 137|0x0000000088900000, 0x0000000088900000, 0x0000000088a00000|  0%| F|  |TAMS 0x0000000088900000, 0x0000000088900000| Untracked 
| 138|0x0000000088a00000, 0x0000000088a00000, 0x0000000088b00000|  0%| F|  |TAMS 0x0000000088a00000, 0x0000000088a00000| Untracked 
| 139|0x0000000088b00000, 0x0000000088b00000, 0x0000000088c00000|  0%| F|  |TAMS 0x0000000088b00000, 0x0000000088b00000| Untracked 
| 140|0x0000000088c00000, 0x0000000088c00000, 0x0000000088d00000|  0%| F|  |TAMS 0x0000000088c00000, 0x0000000088c00000| Untracked 
| 141|0x0000000088d00000, 0x0000000088d00000, 0x0000000088e00000|  0%| F|  |TAMS 0x0000000088d00000, 0x0000000088d00000| Untracked 
| 142|0x0000000088e00000, 0x0000000088e00000, 0x0000000088f00000|  0%| F|  |TAMS 0x0000000088e00000, 0x0000000088e00000| Untracked 
| 143|0x0000000088f00000, 0x0000000088f00000, 0x0000000089000000|  0%| F|  |TAMS 0x0000000088f00000, 0x0000000088f00000| Untracked 
| 144|0x0000000089000000, 0x0000000089000000, 0x0000000089100000|  0%| F|  |TAMS 0x0000000089000000, 0x0000000089000000| Untracked 
| 145|0x0000000089100000, 0x0000000089100000, 0x0000000089200000|  0%| F|  |TAMS 0x0000000089100000, 0x0000000089100000| Untracked 
| 146|0x0000000089200000, 0x0000000089200000, 0x0000000089300000|  0%| F|  |TAMS 0x0000000089200000, 0x0000000089200000| Untracked 
| 147|0x0000000089300000, 0x0000000089300000, 0x0000000089400000|  0%| F|  |TAMS 0x0000000089300000, 0x0000000089300000| Untracked 
| 148|0x0000000089400000, 0x0000000089400000, 0x0000000089500000|  0%| F|  |TAMS 0x0000000089400000, 0x0000000089400000| Untracked 
| 149|0x0000000089500000, 0x0000000089500000, 0x0000000089600000|  0%| F|  |TAMS 0x0000000089500000, 0x0000000089500000| Untracked 
| 150|0x0000000089600000, 0x0000000089600000, 0x0000000089700000|  0%| F|  |TAMS 0x0000000089600000, 0x0000000089600000| Untracked 
| 151|0x0000000089700000, 0x0000000089700000, 0x0000000089800000|  0%| F|  |TAMS 0x0000000089700000, 0x0000000089700000| Untracked 

Card table byte_map: [0x000001ee790e0000,0x000001ee794e0000] _byte_map_base: 0x000001ee78ce0000

Marking Bits (Prev, Next): (CMBitMap*) 0x000001ee7506a160, (CMBitMap*) 0x000001ee7506a128
 Prev Bits: [0x000001ee7b8e0000, 0x000001ee7d8e0000)
 Next Bits: [0x000001ee798e0000, 0x000001ee7b8e0000)

Polling page: 0x000001ee73010000

Metaspace:

Usage:
  Non-class:     57.24 MB capacity,    56.37 MB ( 98%) used,   748.96 KB (  1%) free+waste,   145.00 KB ( <1%) overhead. 
      Class:      8.86 MB capacity,     8.37 MB ( 94%) used,   443.42 KB (  5%) free+waste,    67.75 KB ( <1%) overhead. 
       Both:     66.10 MB capacity,    64.73 MB ( 98%) used,     1.16 MB (  2%) free+waste,   212.75 KB ( <1%) overhead. 

Virtual space:
  Non-class space:       58.00 MB reserved,      57.45 MB (>99%) committed 
      Class space:        1.00 GB reserved,       8.88 MB ( <1%) committed 
             Both:        1.06 GB reserved,      66.32 MB (  6%) committed 

Chunk freelists:
   Non-Class:  24.00 KB
       Class:  11.00 KB
        Both:  35.00 KB

MaxMetaspaceSize: 17179869184.00 GB
CompressedClassSpaceSize: 1.00 GB

CodeHeap 'non-profiled nmethods': size=120000Kb used=3645Kb max_used=3645Kb free=116355Kb
 bounds [0x000001ee07ad0000, 0x000001ee07e60000, 0x000001ee0f000000]
CodeHeap 'profiled nmethods': size=120000Kb used=12299Kb max_used=12299Kb free=107700Kb
 bounds [0x000001ee005a0000, 0x000001ee011b0000, 0x000001ee07ad0000]
CodeHeap 'non-nmethods': size=5760Kb used=2247Kb max_used=2276Kb free=3512Kb
 bounds [0x000001ee00000000, 0x000001ee00270000, 0x000001ee005a0000]
 total_blobs=6644 nmethods=5824 adapters=729
 compilation: enabled
              stopped_count=0, restarted_count=0
 full_count=0

Compilation events (20 events):
Event: 10.026 Thread 0x000001ee0f407000 nmethod 6044 0x000001ee011a1b10 code [0x000001ee011a1d00, 0x000001ee011a2108]
Event: 10.026 Thread 0x000001ee0f407000 6047       3       sun.reflect.generics.tree.Wildcard::make (10 bytes)
Event: 10.026 Thread 0x000001ee0f407000 nmethod 6047 0x000001ee011a2290 code [0x000001ee011a2460, 0x000001ee011a2718]
Event: 10.026 Thread 0x000001ee0f407000 6048       3       sun.reflect.generics.tree.Wildcard::<init> (15 bytes)
Event: 10.026 Thread 0x000001ee0f407000 nmethod 6048 0x000001ee011a2810 code [0x000001ee011a29c0, 0x000001ee011a2bd8]
Event: 10.026 Thread 0x000001ee0f407000 6046       1       org.gradle.internal.reflect.annotations.impl.DefaultPropertyAnnotationMetadata::getAnnotations (5 bytes)
Event: 10.026 Thread 0x000001ee0f407000 nmethod 6046 0x000001ee07e5e490 code [0x000001ee07e5e640, 0x000001ee07e5e6f8]
Event: 10.026 Thread 0x000001ee0f407000 6049   !   3       org.gradle.cache.internal.DefaultCrossBuildInMemoryCacheFactory$AbstractCrossBuildInMemoryCache::put (38 bytes)
Event: 10.027 Thread 0x000001ee0f407000 nmethod 6049 0x000001ee011a2c90 code [0x000001ee011a2e60, 0x000001ee011a3298]
Event: 10.028 Thread 0x000001ee0f3f9000 nmethod 6045 0x000001ee07e5e790 code [0x000001ee07e5e920, 0x000001ee07e5ec78]
Event: 10.046 Thread 0x000001ee0f407000 6050       3       com.google.common.collect.ImmutableCollection$ArrayBasedBuilder::addAll (65 bytes)
Event: 10.046 Thread 0x000001ee0f407000 nmethod 6050 0x000001ee011a3410 code [0x000001ee011a3680, 0x000001ee011a41e8]
Event: 10.046 Thread 0x000001ee0f407000 6051       1       org.gradle.internal.instantiation.generator.Jsr330ConstructorSelector::access$100 (5 bytes)
Event: 10.046 Thread 0x000001ee0f3f9000 6052       4       org.objectweb.asm.ByteVector::encodeUtf8 (337 bytes)
Event: 10.046 Thread 0x000001ee0f407000 nmethod 6051 0x000001ee07e5ee10 code [0x000001ee07e5efc0, 0x000001ee07e5f058]
Event: 10.050 Thread 0x000001ee0f407000 6054       1       org.gradle.internal.reflect.annotations.impl.DefaultPropertyAnnotationMetadata::getPropertyName (5 bytes)
Event: 10.051 Thread 0x000001ee0f407000 nmethod 6054 0x000001ee07e5f110 code [0x000001ee07e5f2c0, 0x000001ee07e5f378]
Event: 10.052 Thread 0x000001ee0f407000 6055       3       org.gradle.internal.instantiation.generator.ManagedObjectFactory::displayNameFor (70 bytes)
Event: 10.052 Thread 0x000001ee0f3f9000 nmethod 6052 0x000001ee011a4490 code [0x000001ee011a4680, 0x000001ee011a4c88]
Event: 10.052 Thread 0x000001ee0f3f9000 6053       4       org.objectweb.asm.SymbolTable::addConstantClass (8 bytes)

GC Heap History (20 events):
Event: 3.117 GC heap before
{Heap before GC invocations=4 (full 0):
 garbage-first heap   total 129024K, used 61274K [0x0000000080000000, 0x0000000100000000)
  region size 1024K, 45 young (46080K), 1 survivors (1024K)
 Metaspace       used 25723K, capacity 26329K, committed 26496K, reserved 1073152K
  class space    used 3360K, capacity 3602K, committed 3712K, reserved 1048576K
}
Event: 3.119 GC heap after
{Heap after GC invocations=5 (full 0):
 garbage-first heap   total 129024K, used 17855K [0x0000000080000000, 0x0000000100000000)
  region size 1024K, 3 young (3072K), 3 survivors (3072K)
 Metaspace       used 25723K, capacity 26329K, committed 26496K, reserved 1073152K
  class space    used 3360K, capacity 3602K, committed 3712K, reserved 1048576K
}
Event: 3.862 GC heap before
{Heap before GC invocations=5 (full 0):
 garbage-first heap   total 129024K, used 68031K [0x0000000080000000, 0x0000000100000000)
  region size 1024K, 52 young (53248K), 3 survivors (3072K)
 Metaspace       used 34209K, capacity 34823K, committed 34944K, reserved 1079296K
  class space    used 4437K, capacity 4667K, committed 4736K, reserved 1048576K
}
Event: 3.867 GC heap after
{Heap after GC invocations=6 (full 0):
 garbage-first heap   total 129024K, used 20965K [0x0000000080000000, 0x0000000100000000)
  region size 1024K, 6 young (6144K), 6 survivors (6144K)
 Metaspace       used 34209K, capacity 34823K, committed 34944K, reserved 1079296K
  class space    used 4437K, capacity 4667K, committed 4736K, reserved 1048576K
}
Event: 3.961 GC heap before
{Heap before GC invocations=6 (full 0):
 garbage-first heap   total 129024K, used 26085K [0x0000000080000000, 0x0000000100000000)
  region size 1024K, 12 young (12288K), 6 survivors (6144K)
 Metaspace       used 35093K, capacity 35773K, committed 35840K, reserved 1081344K
  class space    used 4570K, capacity 4856K, committed 4864K, reserved 1048576K
}
Event: 3.967 GC heap after
{Heap after GC invocations=7 (full 0):
 garbage-first heap   total 129024K, used 21487K [0x0000000080000000, 0x0000000100000000)
  region size 1024K, 4 young (4096K), 4 survivors (4096K)
 Metaspace       used 35093K, capacity 35773K, committed 35840K, reserved 1081344K
  class space    used 4570K, capacity 4856K, committed 4864K, reserved 1048576K
}
Event: 4.628 GC heap before
{Heap before GC invocations=8 (full 0):
 garbage-first heap   total 129024K, used 80879K [0x0000000080000000, 0x0000000100000000)
  region size 1024K, 59 young (60416K), 4 survivors (4096K)
 Metaspace       used 40571K, capacity 41438K, committed 41600K, reserved 1085440K
  class space    used 5183K, capacity 5501K, committed 5504K, reserved 1048576K
}
Event: 4.635 GC heap after
{Heap after GC invocations=9 (full 0):
 garbage-first heap   total 129024K, used 24934K [0x0000000080000000, 0x0000000100000000)
  region size 1024K, 7 young (7168K), 7 survivors (7168K)
 Metaspace       used 40571K, capacity 41438K, committed 41600K, reserved 1085440K
  class space    used 5183K, capacity 5501K, committed 5504K, reserved 1048576K
}
Event: 5.410 GC heap before
{Heap before GC invocations=9 (full 0):
 garbage-first heap   total 129024K, used 83302K [0x0000000080000000, 0x0000000100000000)
  region size 1024K, 64 young (65536K), 7 survivors (7168K)
 Metaspace       used 44275K, capacity 45274K, committed 45568K, reserved 1089536K
  class space    used 5681K, capacity 6060K, committed 6144K, reserved 1048576K
}
Event: 5.418 GC heap after
{Heap after GC invocations=10 (full 0):
 garbage-first heap   total 129024K, used 27984K [0x0000000080000000, 0x0000000100000000)
  region size 1024K, 7 young (7168K), 7 survivors (7168K)
 Metaspace       used 44275K, capacity 45274K, committed 45568K, reserved 1089536K
  class space    used 5681K, capacity 6060K, committed 6144K, reserved 1048576K
}
Event: 6.105 GC heap before
{Heap before GC invocations=10 (full 0):
 garbage-first heap   total 129024K, used 92496K [0x0000000080000000, 0x0000000100000000)
  region size 1024K, 65 young (66560K), 7 survivors (7168K)
 Metaspace       used 49334K, capacity 50444K, committed 50560K, reserved 1093632K
  class space    used 6281K, capacity 6678K, committed 6784K, reserved 1048576K
}
Event: 6.114 GC heap after
{Heap after GC invocations=11 (full 0):
 garbage-first heap   total 129024K, used 41984K [0x0000000080000000, 0x0000000100000000)
  region size 1024K, 9 young (9216K), 9 survivors (9216K)
 Metaspace       used 49334K, capacity 50444K, committed 50560K, reserved 1093632K
  class space    used 6281K, capacity 6678K, committed 6784K, reserved 1048576K
}
Event: 6.913 GC heap before
{Heap before GC invocations=11 (full 0):
 garbage-first heap   total 129024K, used 92160K [0x0000000080000000, 0x0000000100000000)
  region size 1024K, 59 young (60416K), 9 survivors (9216K)
 Metaspace       used 56147K, capacity 57468K, committed 57600K, reserved 1099776K
  class space    used 7143K, capacity 7650K, committed 7680K, reserved 1048576K
}
Event: 6.923 GC heap after
{Heap after GC invocations=12 (full 0):
 garbage-first heap   total 155648K, used 46256K [0x0000000080000000, 0x0000000100000000)
  region size 1024K, 4 young (4096K), 4 survivors (4096K)
 Metaspace       used 56147K, capacity 57468K, committed 57600K, reserved 1099776K
  class space    used 7143K, capacity 7650K, committed 7680K, reserved 1048576K
}
Event: 7.353 GC heap before
{Heap before GC invocations=12 (full 0):
 garbage-first heap   total 155648K, used 71856K [0x0000000080000000, 0x0000000100000000)
  region size 1024K, 29 young (29696K), 4 survivors (4096K)
 Metaspace       used 58745K, capacity 60124K, committed 60160K, reserved 1101824K
  class space    used 7439K, capacity 7926K, committed 7936K, reserved 1048576K
}
Event: 7.362 GC heap after
{Heap after GC invocations=13 (full 0):
 garbage-first heap   total 155648K, used 48313K [0x0000000080000000, 0x0000000100000000)
  region size 1024K, 6 young (6144K), 6 survivors (6144K)
 Metaspace       used 58745K, capacity 60124K, committed 60160K, reserved 1101824K
  class space    used 7439K, capacity 7926K, committed 7936K, reserved 1048576K
}
Event: 8.427 GC heap before
{Heap before GC invocations=14 (full 0):
 garbage-first heap   total 155648K, used 104633K [0x0000000080000000, 0x0000000100000000)
  region size 1024K, 61 young (62464K), 6 survivors (6144K)
 Metaspace       used 62631K, capacity 64068K, committed 64204K, reserved 1105920K
  class space    used 7924K, capacity 8448K, committed 8448K, reserved 1048576K
}
Event: 8.437 GC heap after
{Heap after GC invocations=15 (full 0):
 garbage-first heap   total 155648K, used 52206K [0x0000000080000000, 0x0000000100000000)
  region size 1024K, 7 young (7168K), 7 survivors (7168K)
 Metaspace       used 62631K, capacity 64068K, committed 64204K, reserved 1105920K
  class space    used 7924K, capacity 8448K, committed 8448K, reserved 1048576K
}
Event: 10.052 GC heap before
{Heap before GC invocations=15 (full 0):
 garbage-first heap   total 155648K, used 81902K [0x0000000080000000, 0x0000000100000000)
  region size 1024K, 37 young (37888K), 7 survivors (7168K)
 Metaspace       used 66283K, capacity 67689K, committed 67916K, reserved 1107968K
  class space    used 8565K, capacity 9077K, committed 9088K, reserved 1048576K
}
Event: 10.059 GC heap after
{Heap after GC invocations=16 (full 0):
 garbage-first heap   total 155648K, used 53837K [0x0000000080000000, 0x0000000100000000)
  region size 1024K, 2 young (2048K), 2 survivors (2048K)
 Metaspace       used 66283K, capacity 67689K, committed 67916K, reserved 1107968K
  class space    used 8565K, capacity 9077K, committed 9088K, reserved 1048576K
}

Deoptimization events (20 events):
Event: 7.589 Thread 0x000001ee11f14000 Uncommon trap: trap_request=0xffffff4d fr.pc=0x000001ee07d42950 relative=0x0000000000000090
Event: 7.589 Thread 0x000001ee11f14000 Uncommon trap: reason=unstable_if action=reinterpret pc=0x000001ee07d42950 method=org.codehaus.groovy.runtime.metaclass.MetaMethodIndex.isNonRealMethod(Lgroovy/lang/MetaMethod;)Z @ 4 c2
Event: 7.589 Thread 0x000001ee11f14000 DEOPT PACKING pc=0x000001ee07d42950 sp=0x00000034d45f7f90
Event: 7.589 Thread 0x000001ee11f14000 DEOPT UNPACKING pc=0x000001ee000274af sp=0x00000034d45f7f20 mode 2
Event: 7.590 Thread 0x000001ee11f14000 Uncommon trap: trap_request=0xffffff4d fr.pc=0x000001ee07c97b4c relative=0x0000000000005a0c
Event: 7.590 Thread 0x000001ee11f14000 Uncommon trap: reason=unstable_if action=reinterpret pc=0x000001ee07c97b4c method=groovy.lang.MetaClassImpl$1MOPIter.methodNameAction(Ljava/lang/Class;Lorg/codehaus/groovy/runtime/metaclass/MetaMethodIndex$Entry;)V @ 182 c2
Event: 7.590 Thread 0x000001ee11f14000 DEOPT PACKING pc=0x000001ee07c97b4c sp=0x00000034d45f7fb0
Event: 7.590 Thread 0x000001ee11f14000 DEOPT UNPACKING pc=0x000001ee000274af sp=0x00000034d45f7fb8 mode 2
Event: 7.612 Thread 0x000001ee11f14000 Uncommon trap: trap_request=0xffffffdc fr.pc=0x000001ee07e070ec relative=0x00000000000002ac
Event: 7.612 Thread 0x000001ee11f14000 Uncommon trap: reason=class_check action=make_not_entrant pc=0x000001ee07e070ec method=java.util.ArrayList.toArray([Ljava/lang/Object;)[Ljava/lang/Object; @ 21 c2
Event: 7.612 Thread 0x000001ee11f14000 DEOPT PACKING pc=0x000001ee07e070ec sp=0x00000034d45f71a0
Event: 7.612 Thread 0x000001ee11f14000 DEOPT UNPACKING pc=0x000001ee000274af sp=0x00000034d45f7170 mode 2
Event: 7.717 Thread 0x000001ee11f14000 Uncommon trap: trap_request=0xffffff4d fr.pc=0x000001ee07c446c0 relative=0x0000000000004b80
Event: 7.717 Thread 0x000001ee11f14000 Uncommon trap: reason=unstable_if action=reinterpret pc=0x000001ee07c446c0 method=sun.net.www.protocol.jar.Handler.parseURL(Ljava/net/URL;Ljava/lang/String;II)V @ 116 c2
Event: 7.717 Thread 0x000001ee11f14000 DEOPT PACKING pc=0x000001ee07c446c0 sp=0x00000034d45f9590
Event: 7.717 Thread 0x000001ee11f14000 DEOPT UNPACKING pc=0x000001ee000274af sp=0x00000034d45f9488 mode 2
Event: 7.831 Thread 0x000001ee11f14000 Uncommon trap: trap_request=0xffffff4d fr.pc=0x000001ee07d61e24 relative=0x0000000000001a04
Event: 7.831 Thread 0x000001ee11f14000 Uncommon trap: reason=unstable_if action=reinterpret pc=0x000001ee07d61e24 method=java.util.concurrent.ConcurrentHashMap.putVal(Ljava/lang/Object;Ljava/lang/Object;Z)Ljava/lang/Object; @ 245 c2
Event: 7.831 Thread 0x000001ee11f14000 DEOPT PACKING pc=0x000001ee07d61e24 sp=0x00000034d45f8820
Event: 7.831 Thread 0x000001ee11f14000 DEOPT UNPACKING pc=0x000001ee000274af sp=0x00000034d45f87b8 mode 2

Classes redefined (0 events):
No events

Internal exceptions (20 events):
Event: 8.045 Thread 0x000001ee11f14000 Exception <a 'java/lang/ClassNotFoundException'{0x00000000868edde8}: com/android/builder/core/AbstractBuildTypeBeanInfo> (0x00000000868edde8) thrown at [./src/hotspot/share/classfile/systemDictionary.cpp, line 231]
Event: 8.046 Thread 0x000001ee11f14000 Exception <a 'java/lang/ClassNotFoundException'{0x0000000086705ae8}: com/android/builder/core/AbstractBuildTypeCustomizer> (0x0000000086705ae8) thrown at [./src/hotspot/share/classfile/systemDictionary.cpp, line 231]
Event: 8.047 Thread 0x000001ee11f14000 Exception <a 'java/lang/ClassNotFoundException'{0x0000000086739b88}: com/android/build/gradle/internal/dsl/BuildTypeCustomizer> (0x0000000086739b88) thrown at [./src/hotspot/share/classfile/systemDictionary.cpp, line 231]
Event: 8.049 Thread 0x000001ee11f14000 Exception <a 'java/lang/ClassNotFoundException'{0x00000000867c0fd8}: com/android/build/gradle/internal/dsl/BuildType_DecoratedCustomizer> (0x00000000867c0fd8) thrown at [./src/hotspot/share/classfile/systemDictionary.cpp, line 231]
Event: 8.054 Thread 0x000001ee11f14000 Exception <a 'java/lang/ClassNotFoundException'{0x0000000086681d80}: build_dbjoxlpfg10rjxqumno5rvnhy$_run_closure1$_closure4BeanInfo> (0x0000000086681d80) thrown at [./src/hotspot/share/classfile/systemDictionary.cpp, line 231]
Event: 8.054 Thread 0x000001ee11f14000 Exception <a 'java/lang/ClassNotFoundException'{0x00000000866921e8}: build_dbjoxlpfg10rjxqumno5rvnhy$_run_closure1$_closure4Customizer> (0x00000000866921e8) thrown at [./src/hotspot/share/classfile/systemDictionary.cpp, line 231]
Event: 8.056 Thread 0x000001ee11f14000 Exception <a 'java/lang/ClassNotFoundException'{0x00000000866bf230}: build_dbjoxlpfg10rjxqumno5rvnhy$_run_closure1BeanInfo> (0x00000000866bf230) thrown at [./src/hotspot/share/classfile/systemDictionary.cpp, line 231]
Event: 8.056 Thread 0x000001ee11f14000 Exception <a 'java/lang/ClassNotFoundException'{0x00000000866ced50}: build_dbjoxlpfg10rjxqumno5rvnhy$_run_closure1Customizer> (0x00000000866ced50) thrown at [./src/hotspot/share/classfile/systemDictionary.cpp, line 231]
Event: 8.061 Thread 0x000001ee11f14000 Exception <a 'java/lang/ClassNotFoundException'{0x0000000086525c70}: org/gradle/api/JavaVersionBeanInfo> (0x0000000086525c70) thrown at [./src/hotspot/share/classfile/systemDictionary.cpp, line 231]
Event: 8.061 Thread 0x000001ee11f14000 Exception <a 'java/lang/ClassNotFoundException'{0x0000000086530e30}: java/lang/EnumBeanInfo> (0x0000000086530e30) thrown at [./src/hotspot/share/classfile/systemDictionary.cpp, line 231]
Event: 8.061 Thread 0x000001ee11f14000 Exception <a 'java/lang/ClassNotFoundException'{0x000000008653c060}: java/lang/EnumCustomizer> (0x000000008653c060) thrown at [./src/hotspot/share/classfile/systemDictionary.cpp, line 231]
Event: 8.062 Thread 0x000001ee11f14000 Exception <a 'java/lang/ClassNotFoundException'{0x0000000086566868}: org/gradle/api/JavaVersionCustomizer> (0x0000000086566868) thrown at [./src/hotspot/share/classfile/systemDictionary.cpp, line 231]
Event: 8.065 Thread 0x000001ee11f14000 Exception <a 'java/lang/ClassNotFoundException'{0x00000000865b98c8}: com/android/build/gradle/internal/CompileOptions_DecoratedBeanInfo> (0x00000000865b98c8) thrown at [./src/hotspot/share/classfile/systemDictionary.cpp, line 231]
Event: 8.065 Thread 0x000001ee11f14000 Exception <a 'java/lang/ClassNotFoundException'{0x00000000865d01a0}: com/android/build/gradle/internal/CompileOptionsBeanInfo> (0x00000000865d01a0) thrown at [./src/hotspot/share/classfile/systemDictionary.cpp, line 231]
Event: 8.065 Thread 0x000001ee11f14000 Exception <a 'java/lang/ClassNotFoundException'{0x00000000865e71f8}: com/android/build/gradle/internal/CompileOptionsCustomizer> (0x00000000865e71f8) thrown at [./src/hotspot/share/classfile/systemDictionary.cpp, line 231]
Event: 8.066 Thread 0x000001ee11f14000 Exception <a 'java/lang/ClassNotFoundException'{0x000000008640b118}: com/android/build/gradle/internal/CompileOptions_DecoratedCustomizer> (0x000000008640b118) thrown at [./src/hotspot/share/classfile/systemDictionary.cpp, line 231]
Event: 8.109 Thread 0x000001ee11f14000 Exception <a 'java/lang/ClassNotFoundException'{0x0000000086352f80}: org/jetbrains/kotlin/gradle/dsl/KotlinJvmOptionsImplBeanInfo> (0x0000000086352f80) thrown at [./src/hotspot/share/classfile/systemDictionary.cpp, line 231]
Event: 8.110 Thread 0x000001ee11f14000 Exception <a 'java/lang/ClassNotFoundException'{0x000000008636a770}: org/jetbrains/kotlin/gradle/dsl/KotlinJvmOptionsBaseBeanInfo> (0x000000008636a770) thrown at [./src/hotspot/share/classfile/systemDictionary.cpp, line 231]
Event: 8.110 Thread 0x000001ee11f14000 Exception <a 'java/lang/ClassNotFoundException'{0x0000000086382430}: org/jetbrains/kotlin/gradle/dsl/KotlinJvmOptionsBaseCustomizer> (0x0000000086382430) thrown at [./src/hotspot/share/classfile/systemDictionary.cpp, line 231]
Event: 8.112 Thread 0x000001ee11f14000 Exception <a 'java/lang/ClassNotFoundException'{0x00000000863b1160}: org/jetbrains/kotlin/gradle/dsl/KotlinJvmOptionsImplCustomizer> (0x00000000863b1160) thrown at [./src/hotspot/share/classfile/systemDictionary.cpp, line 231]

Events (20 events):
Event: 10.035 loading class com/android/build/gradle/internal/DependencyConfigurator$configureVariantTransforms$shrinkers$1 done
Event: 10.035 loading class kotlin/sequences/SequencesKt___SequencesKt$filterNotNull$1
Event: 10.035 loading class kotlin/sequences/SequencesKt___SequencesKt$filterNotNull$1 done
Event: 10.036 loading class kotlin/sequences/FilteringSequence$iterator$1
Event: 10.036 loading class kotlin/sequences/FilteringSequence$iterator$1 done
Event: 10.045 loading class com/android/build/gradle/internal/dependency/EnumerateClassesTransform
Event: 10.045 loading class com/android/build/gradle/internal/dependency/EnumerateClassesTransform done
Event: 10.047 loading class com/android/build/gradle/internal/dependency/DexingOutputSplitTransformKt
Event: 10.047 loading class com/android/build/gradle/internal/dependency/DexingOutputSplitTransformKt done
Event: 10.047 loading class com/android/build/gradle/internal/dependency/DexingOutputSplitTransform
Event: 10.047 loading class com/android/build/gradle/internal/dependency/DexingOutputSplitTransform done
Event: 10.048 loading class com/android/build/gradle/internal/dependency/DexingOutputSplitTransformKt$registerTransformWithOutputType$1
Event: 10.048 loading class com/android/build/gradle/internal/dependency/DexingOutputSplitTransformKt$registerTransformWithOutputType$1 done
Event: 10.048 loading class com/android/build/gradle/internal/dependency/DexingOutputSplitTransform$Parameters
Event: 10.048 loading class com/android/build/gradle/internal/dependency/DexingOutputSplitTransform$Parameters done
Event: 10.049 loading class com/android/build/gradle/internal/dependency/DexingOutputSplitTransformKt$registerTransformWithOutputType$1$1
Event: 10.049 loading class com/android/build/gradle/internal/dependency/DexingOutputSplitTransformKt$registerTransformWithOutputType$1$1 done
Event: 10.052 loading class com/android/build/gradle/internal/dependency/ModelArtifactCompatibilityRule
Event: 10.052 loading class com/android/build/gradle/internal/dependency/ModelArtifactCompatibilityRule done
Event: 10.052 Executing VM operation: CollectForMetadataAllocation


Dynamic libraries:
0x00007ff6ebda0000 - 0x00007ff6ebdaa000 	D:\Instalan\Android Studio\jre\bin\java.exe
0x00007ff9af630000 - 0x00007ff9af825000 	C:\Windows\SYSTEM32\ntdll.dll
0x00007ff9ae1f0000 - 0x00007ff9ae2ad000 	C:\Windows\System32\KERNEL32.DLL
0x00007ff9ad3d0000 - 0x00007ff9ad698000 	C:\Windows\System32\KERNELBASE.dll
0x00007ff9ace50000 - 0x00007ff9acf50000 	C:\Windows\System32\ucrtbase.dll
0x00007ff9a53d0000 - 0x00007ff9a53e9000 	D:\Instalan\Android Studio\jre\bin\jli.dll
0x00007ff9a1ad0000 - 0x00007ff9a1ae7000 	D:\Instalan\Android Studio\jre\bin\VCRUNTIME140.dll
0x00007ff9ade70000 - 0x00007ff9ae010000 	C:\Windows\System32\USER32.dll
0x00007ff9acd70000 - 0x00007ff9acd92000 	C:\Windows\System32\win32u.dll
0x00007ff997ab0000 - 0x00007ff997d4a000 	C:\Windows\WinSxS\amd64_microsoft.windows.common-controls_6595b64144ccf1df_6.0.19041.1052_none_60b8f8fd71f5e8cb\COMCTL32.dll
0x00007ff9ae010000 - 0x00007ff9ae03a000 	C:\Windows\System32\GDI32.dll
0x00007ff9addd0000 - 0x00007ff9ade6e000 	C:\Windows\System32\msvcrt.dll
0x00007ff9ad020000 - 0x00007ff9ad12b000 	C:\Windows\System32\gdi32full.dll
0x00007ff9acf80000 - 0x00007ff9ad01d000 	C:\Windows\System32\msvcp_win.dll
0x00007ff9adda0000 - 0x00007ff9addd0000 	C:\Windows\System32\IMM32.DLL
0x00007ff976fb0000 - 0x00007ff97704d000 	D:\Instalan\Android Studio\jre\bin\msvcp140.dll
0x00007ff965e10000 - 0x00007ff9668cc000 	D:\Instalan\Android Studio\jre\bin\server\jvm.dll
0x00007ff9ad6c0000 - 0x00007ff9ad76c000 	C:\Windows\System32\ADVAPI32.dll
0x00007ff9af340000 - 0x00007ff9af3db000 	C:\Windows\System32\sechost.dll
0x00007ff9adc70000 - 0x00007ff9add9b000 	C:\Windows\System32\RPCRT4.dll
0x00007ff9ae5d0000 - 0x00007ff9ae5d8000 	C:\Windows\System32\PSAPI.DLL
0x00007ff9a6130000 - 0x00007ff9a613a000 	C:\Windows\SYSTEM32\VERSION.dll
0x00007ff996a70000 - 0x00007ff996a97000 	C:\Windows\SYSTEM32\WINMM.dll
0x00007ff9aa450000 - 0x00007ff9aa459000 	C:\Windows\SYSTEM32\WSOCK32.dll
0x00007ff9af1b0000 - 0x00007ff9af21b000 	C:\Windows\System32\ws2_32.DLL
0x00007ff9aacc0000 - 0x00007ff9aacd2000 	C:\Windows\SYSTEM32\kernel.appcore.dll
0x00007ff9a88f0000 - 0x00007ff9a8901000 	D:\Instalan\Android Studio\jre\bin\verify.dll
0x00007ff9928a0000 - 0x00007ff992a84000 	C:\Windows\SYSTEM32\DBGHELP.DLL
0x00007ff992700000 - 0x00007ff99272c000 	C:\Windows\SYSTEM32\dbgcore.DLL
0x00007ff9ad130000 - 0x00007ff9ad1b3000 	C:\Windows\System32\bcryptPrimitives.dll
0x00007ff9a6750000 - 0x00007ff9a6779000 	D:\Instalan\Android Studio\jre\bin\java.dll
0x00007ff9a88e0000 - 0x00007ff9a88eb000 	D:\Instalan\Android Studio\jre\bin\jimage.dll
0x00007ff9a73a0000 - 0x00007ff9a73b8000 	D:\Instalan\Android Studio\jre\bin\zip.dll
0x00007ff9ae5e0000 - 0x00007ff9aed1f000 	C:\Windows\System32\SHELL32.dll
0x00007ff9aaec0000 - 0x00007ff9ab650000 	C:\Windows\SYSTEM32\windows.storage.dll
0x00007ff9aedf0000 - 0x00007ff9af145000 	C:\Windows\System32\combase.dll
0x00007ff9ac710000 - 0x00007ff9ac73c000 	C:\Windows\SYSTEM32\Wldp.dll
0x00007ff9af290000 - 0x00007ff9af33e000 	C:\Windows\System32\SHCORE.dll
0x00007ff9ae3c0000 - 0x00007ff9ae415000 	C:\Windows\System32\shlwapi.dll
0x00007ff9accb0000 - 0x00007ff9acccf000 	C:\Windows\SYSTEM32\profapi.dll
0x00007ff9a7360000 - 0x00007ff9a737a000 	D:\Instalan\Android Studio\jre\bin\net.dll
0x00007ff9a4530000 - 0x00007ff9a463b000 	C:\Windows\SYSTEM32\WINHTTP.dll
0x00007ff9ac480000 - 0x00007ff9ac4ea000 	C:\Windows\system32\mswsock.dll
0x00007ff9a7110000 - 0x00007ff9a7124000 	D:\Instalan\Android Studio\jre\bin\nio.dll
0x00007ff999f20000 - 0x00007ff999f47000 	C:\Users\Yundhar\.gradle\native\fdc75f09e3144964f2cf3f50f0aa648679c211496f362492102eb8c894070792\windows-amd64\native-platform.dll
0x00007ff968870000 - 0x00007ff968a06000 	C:\Users\Yundhar\.gradle\native\12488b8bf47d2d4c9fbf2f6322a914ad602e24e48041cd04a747c6da556b65c4\windows-amd64\native-platform-file-events.dll
0x00007ff9a8860000 - 0x00007ff9a886a000 	D:\Instalan\Android Studio\jre\bin\management.dll
0x00007ff9a6cf0000 - 0x00007ff9a6cfc000 	D:\Instalan\Android Studio\jre\bin\management_ext.dll
0x00007ff9ac660000 - 0x00007ff9ac678000 	C:\Windows\SYSTEM32\CRYPTSP.dll
0x00007ff9abe20000 - 0x00007ff9abe54000 	C:\Windows\system32\rsaenh.dll
0x00007ff9acf50000 - 0x00007ff9acf77000 	C:\Windows\System32\bcrypt.dll
0x00007ff9acc30000 - 0x00007ff9acc5e000 	C:\Windows\SYSTEM32\USERENV.dll
0x00007ff9ac650000 - 0x00007ff9ac65c000 	C:\Windows\SYSTEM32\CRYPTBASE.dll
0x00007ff9ac170000 - 0x00007ff9ac1ab000 	C:\Windows\SYSTEM32\IPHLPAPI.DLL
0x00007ff9af220000 - 0x00007ff9af228000 	C:\Windows\System32\NSI.dll
0x00007ff9a5c20000 - 0x00007ff9a5c37000 	C:\Windows\SYSTEM32\dhcpcsvc6.DLL
0x00007ff9a5c00000 - 0x00007ff9a5c1d000 	C:\Windows\SYSTEM32\dhcpcsvc.DLL
0x00007ff9ac1b0000 - 0x00007ff9ac27c000 	C:\Windows\SYSTEM32\DNSAPI.dll
0x00007ff9a5cc0000 - 0x00007ff9a5ccb000 	C:\Windows\SYSTEM32\WINNSI.DLL

dbghelp: loaded successfully - version: 4.0.5 - missing functions: none
symbol engine: initialized successfully - sym options: 0x614 - pdb path: .;D:\Instalan\Android Studio\jre\bin;C:\Windows\SYSTEM32;C:\Windows\WinSxS\amd64_microsoft.windows.common-controls_6595b64144ccf1df_6.0.19041.1052_none_60b8f8fd71f5e8cb;D:\Instalan\Android Studio\jre\bin\server;C:\Users\Yundhar\.gradle\native\fdc75f09e3144964f2cf3f50f0aa648679c211496f362492102eb8c894070792\windows-amd64;C:\Users\Yundhar\.gradle\native\12488b8bf47d2d4c9fbf2f6322a914ad602e24e48041cd04a747c6da556b65c4\windows-amd64

VM Arguments:
jvm_args: --add-opens=java.base/java.util=ALL-UNNAMED --add-opens=java.base/java.lang=ALL-UNNAMED --add-opens=java.base/java.lang.invoke=ALL-UNNAMED --add-opens=java.prefs/java.util.prefs=ALL-UNNAMED -Xmx2048m -Dfile.encoding=UTF-8 -Duser.country=IN -Duser.language=en -Duser.variant 
java_command: org.gradle.launcher.daemon.bootstrap.GradleDaemon 6.7.1
java_class_path (initial): C:\Users\Yundhar\.gradle\wrapper\dists\gradle-6.7.1-bin\bwlcbys1h7rz3272sye1xwiv6\gradle-6.7.1\lib\gradle-launcher-6.7.1.jar
Launcher Type: SUN_STANDARD

[Global flags]
     intx CICompilerCount                          = 4                                         {product} {ergonomic}
     uint ConcGCThreads                            = 2                                         {product} {ergonomic}
     uint G1ConcRefinementThreads                  = 8                                         {product} {ergonomic}
   size_t G1HeapRegionSize                         = 1048576                                   {product} {ergonomic}
    uintx GCDrainStackTargetSize                   = 64                                        {product} {ergonomic}
   size_t InitialHeapSize                          = 132120576                                 {product} {ergonomic}
   size_t MarkStackSize                            = 4194304                                   {product} {ergonomic}
   size_t MaxHeapSize                              = 2147483648                                {product} {command line}
   size_t MaxNewSize                               = 1287651328                                {product} {ergonomic}
   size_t MinHeapDeltaBytes                        = 1048576                                   {product} {ergonomic}
    uintx NonNMethodCodeHeapSize                   = 5836300                                {pd product} {ergonomic}
    uintx NonProfiledCodeHeapSize                  = 122910970                              {pd product} {ergonomic}
    uintx ProfiledCodeHeapSize                     = 122910970                              {pd product} {ergonomic}
    uintx ReservedCodeCacheSize                    = 251658240                              {pd product} {ergonomic}
     bool SegmentedCodeCache                       = true                                      {product} {ergonomic}
     bool UseCompressedClassPointers               = true                                 {lp64_product} {ergonomic}
     bool UseCompressedOops                        = true                                 {lp64_product} {ergonomic}
     bool UseG1GC                                  = true                                      {product} {ergonomic}
     bool UseLargePagesIndividualAllocation        = false                                  {pd product} {ergonomic}

Logging:
Log output configuration:
 #0: stdout all=warning uptime,level,tags
 #1: stderr all=off uptime,level,tags

Environment Variables:
PATH=C:\Windows\system32;C:\Windows;C:\Windows\System32\Wbem;C:\Windows\System32\WindowsPowerShell\v1.0\;C:\Windows\System32\OpenSSH\;C:\Program Files (x86)\NVIDIA Corporation\PhysX\Common;C:\Program Files\NVIDIA Corporation\NVIDIA NvDLISR;C:\Program Files\dotnet\;C:\Program Files\Microsoft SQL Server\110\Tools\Binn\;C:\Program Files (x86)\Microsoft SQL Server\110\Tools\Binn\ManagementStudio\;C:\Program Files (x86)\Microsoft SQL Server\110\Tools\Binn\;C:\Program Files (x86)\Microsoft SQL Server\110\DTS\Binn\;C:\Program Files\Microsoft SQL Server\110\DTS\Binn\;C:\Program Files\Microsoft SQL Server\130\Tools\Binn\;C:\Program Files\Microsoft SQL Server\Client SDK\ODBC\170\Tools\Binn\;C:\Program Files\Git\cmd;C:\Users\Yundhar\AppData\Local\Microsoft\WindowsApps;C:\Users\Yundhar\.dotnet\tools
USERNAME=Yundhar
OS=Windows_NT
PROCESSOR_IDENTIFIER=Intel64 Family 6 Model 158 Stepping 13, GenuineIntel



---------------  S Y S T E M  ---------------

OS: Windows 10 , 64 bit Build 19041 (10.0.19041.1023)
OS uptime: 8 days 6:30 hours

CPU:total 8 (initial active 8) (4 cores per cpu, 2 threads per core) family 6 model 158 stepping 13, cmov, cx8, fxsr, mmx, sse, sse2, sse3, ssse3, sse4.1, sse4.2, popcnt, avx, avx2, aes, clmul, erms, 3dnowpref, lzcnt, ht, tsc, tscinvbit, bmi1, bmi2, adx, fma

Memory: 4k page, system-wide physical 8036M (215M free)
TotalPageFile size 22411M (AvailPageFile size 1M)
current process WorkingSet (physical memory assigned to process): 233M, peak: 360M
current process commit charge ("private bytes"): 401M, peak: 402M

vm_info: OpenJDK 64-Bit Server VM (11.0.8+10-b944.6842174) for windows-amd64 JRE (11.0.8+10-b944.6842174), built on Sep 19 2020 01:11:42 by "builder" with MS VC++ 14.0 (VS2015)

END.
